{
  "/Users/arturkesik/projects/salaryman/front-salaryman/src/hooks/usePersistTab.ts": {
    "path": "/Users/arturkesik/projects/salaryman/front-salaryman/src/hooks/usePersistTab.ts",
    "statementMap": {
      "0": {
        "start": {
          "line": 5,
          "column": 2
        },
        "end": {
          "line": 15,
          "column": 8
        }
      },
      "1": {
        "start": {
          "line": 6,
          "column": 22
        },
        "end": {
          "line": 6,
          "column": 65
        }
      },
      "2": {
        "start": {
          "line": 7,
          "column": 16
        },
        "end": {
          "line": 7,
          "column": 36
        }
      },
      "3": {
        "start": {
          "line": 8,
          "column": 4
        },
        "end": {
          "line": 14,
          "column": 5
        }
      },
      "4": {
        "start": {
          "line": 9,
          "column": 6
        },
        "end": {
          "line": 9,
          "column": 29
        }
      },
      "5": {
        "start": {
          "line": 10,
          "column": 11
        },
        "end": {
          "line": 14,
          "column": 5
        }
      },
      "6": {
        "start": {
          "line": 11,
          "column": 6
        },
        "end": {
          "line": 11,
          "column": 30
        }
      },
      "7": {
        "start": {
          "line": 13,
          "column": 6
        },
        "end": {
          "line": 13,
          "column": 33
        }
      }
    },
    "fnMap": {
      "0": {
        "name": "usePersistTab",
        "decl": {
          "start": {
            "line": 4,
            "column": 16
          },
          "end": {
            "line": 4,
            "column": 29
          }
        },
        "loc": {
          "start": {
            "line": 4,
            "column": 49
          },
          "end": {
            "line": 16,
            "column": 1
          }
        },
        "line": 4
      },
      "1": {
        "name": "(anonymous_1)",
        "decl": {
          "start": {
            "line": 5,
            "column": 18
          },
          "end": {
            "line": 5,
            "column": 19
          }
        },
        "loc": {
          "start": {
            "line": 5,
            "column": 24
          },
          "end": {
            "line": 15,
            "column": 3
          }
        },
        "line": 5
      }
    },
    "branchMap": {
      "0": {
        "loc": {
          "start": {
            "line": 8,
            "column": 4
          },
          "end": {
            "line": 14,
            "column": 5
          }
        },
        "type": "if",
        "locations": [
          {
            "start": {
              "line": 8,
              "column": 4
            },
            "end": {
              "line": 14,
              "column": 5
            }
          },
          {
            "start": {
              "line": 8,
              "column": 4
            },
            "end": {
              "line": 14,
              "column": 5
            }
          }
        ],
        "line": 8
      },
      "1": {
        "loc": {
          "start": {
            "line": 8,
            "column": 8
          },
          "end": {
            "line": 8,
            "column": 39
          }
        },
        "type": "binary-expr",
        "locations": [
          {
            "start": {
              "line": 8,
              "column": 8
            },
            "end": {
              "line": 8,
              "column": 20
            }
          },
          {
            "start": {
              "line": 8,
              "column": 24
            },
            "end": {
              "line": 8,
              "column": 39
            }
          }
        ],
        "line": 8
      },
      "2": {
        "loc": {
          "start": {
            "line": 10,
            "column": 11
          },
          "end": {
            "line": 14,
            "column": 5
          }
        },
        "type": "if",
        "locations": [
          {
            "start": {
              "line": 10,
              "column": 11
            },
            "end": {
              "line": 14,
              "column": 5
            }
          },
          {
            "start": {
              "line": 10,
              "column": 11
            },
            "end": {
              "line": 14,
              "column": 5
            }
          }
        ],
        "line": 10
      }
    },
    "s": {
      "0": 92,
      "1": 78,
      "2": 78,
      "3": 78,
      "4": 62,
      "5": 16,
      "6": 14,
      "7": 2
    },
    "f": {
      "0": 92,
      "1": 78
    },
    "b": {
      "0": [
        62,
        16
      ],
      "1": [
        78,
        20
      ],
      "2": [
        14,
        2
      ]
    },
    "_coverageSchema": "1a1c01bbd47fc00a2c39e90264f33305004495a9",
    "hash": "97e5d6c9eeb21e0b7e6fbe21346500dfd7d0c402"
  },
  "/Users/arturkesik/projects/salaryman/front-salaryman/src/views/Navbar.tsx": {
    "path": "/Users/arturkesik/projects/salaryman/front-salaryman/src/views/Navbar.tsx",
    "statementMap": {
      "0": {
        "start": {
          "line": 2,
          "column": 2
        },
        "end": {
          "line": 6,
          "column": 3
        }
      }
    },
    "fnMap": {
      "0": {
        "name": "Navbar",
        "decl": {
          "start": {
            "line": 1,
            "column": 24
          },
          "end": {
            "line": 1,
            "column": 30
          }
        },
        "loc": {
          "start": {
            "line": 1,
            "column": 33
          },
          "end": {
            "line": 7,
            "column": 1
          }
        },
        "line": 1
      }
    },
    "branchMap": {},
    "s": {
      "0": 92
    },
    "f": {
      "0": 92
    },
    "b": {},
    "_coverageSchema": "1a1c01bbd47fc00a2c39e90264f33305004495a9",
    "hash": "616bcf512dc48b1751f809537480e8dc69aef6c4"
  },
  "/Users/arturkesik/projects/salaryman/front-salaryman/src/views/Sidebar.tsx": {
    "path": "/Users/arturkesik/projects/salaryman/front-salaryman/src/views/Sidebar.tsx",
    "statementMap": {
      "0": {
        "start": {
          "line": 4,
          "column": 2
        },
        "end": {
          "line": 10,
          "column": 3
        }
      },
      "1": {
        "start": {
          "line": 6,
          "column": 24
        },
        "end": {
          "line": 6,
          "column": 60
        }
      },
      "2": {
        "start": {
          "line": 8,
          "column": 24
        },
        "end": {
          "line": 8,
          "column": 61
        }
      }
    },
    "fnMap": {
      "0": {
        "name": "Sidebar",
        "decl": {
          "start": {
            "line": 3,
            "column": 24
          },
          "end": {
            "line": 3,
            "column": 31
          }
        },
        "loc": {
          "start": {
            "line": 3,
            "column": 60
          },
          "end": {
            "line": 11,
            "column": 1
          }
        },
        "line": 3
      },
      "1": {
        "name": "(anonymous_1)",
        "decl": {
          "start": {
            "line": 6,
            "column": 18
          },
          "end": {
            "line": 6,
            "column": 19
          }
        },
        "loc": {
          "start": {
            "line": 6,
            "column": 24
          },
          "end": {
            "line": 6,
            "column": 60
          }
        },
        "line": 6
      },
      "2": {
        "name": "(anonymous_2)",
        "decl": {
          "start": {
            "line": 8,
            "column": 18
          },
          "end": {
            "line": 8,
            "column": 19
          }
        },
        "loc": {
          "start": {
            "line": 8,
            "column": 24
          },
          "end": {
            "line": 8,
            "column": 61
          }
        },
        "line": 8
      }
    },
    "branchMap": {},
    "s": {
      "0": 92,
      "1": 1,
      "2": 2
    },
    "f": {
      "0": 92,
      "1": 1,
      "2": 2
    },
    "b": {},
    "_coverageSchema": "1a1c01bbd47fc00a2c39e90264f33305004495a9",
    "hash": "b65fb8ef089d481c6257e4113df3b2632bb9e37a"
  },
  "/Users/arturkesik/projects/salaryman/front-salaryman/src/api/api.ts": {
    "path": "/Users/arturkesik/projects/salaryman/front-salaryman/src/api/api.ts",
    "statementMap": {
      "0": {
        "start": {
          "line": 3,
          "column": 20
        },
        "end": {
          "line": 5,
          "column": 1
        }
      },
      "1": {
        "start": {
          "line": 7,
          "column": 22
        },
        "end": {
          "line": 7,
          "column": 47
        }
      },
      "2": {
        "start": {
          "line": 10,
          "column": 2
        },
        "end": {
          "line": 26,
          "column": 3
        }
      },
      "3": {
        "start": {
          "line": 12,
          "column": 6
        },
        "end": {
          "line": 12,
          "column": 38
        }
      },
      "4": {
        "start": {
          "line": 18,
          "column": 6
        },
        "end": {
          "line": 18,
          "column": 45
        }
      },
      "5": {
        "start": {
          "line": 24,
          "column": 6
        },
        "end": {
          "line": 24,
          "column": 44
        }
      }
    },
    "fnMap": {
      "0": {
        "name": "api",
        "decl": {
          "start": {
            "line": 9,
            "column": 9
          },
          "end": {
            "line": 9,
            "column": 12
          }
        },
        "loc": {
          "start": {
            "line": 9,
            "column": 35
          },
          "end": {
            "line": 27,
            "column": 1
          }
        },
        "line": 9
      },
      "1": {
        "name": "(anonymous_1)",
        "decl": {
          "start": {
            "line": 11,
            "column": 9
          },
          "end": {
            "line": 11,
            "column": 10
          }
        },
        "loc": {
          "start": {
            "line": 11,
            "column": 62
          },
          "end": {
            "line": 13,
            "column": 5
          }
        },
        "line": 11
      },
      "2": {
        "name": "(anonymous_2)",
        "decl": {
          "start": {
            "line": 17,
            "column": 10
          },
          "end": {
            "line": 17,
            "column": 11
          }
        },
        "loc": {
          "start": {
            "line": 17,
            "column": 78
          },
          "end": {
            "line": 19,
            "column": 5
          }
        },
        "line": 17
      },
      "3": {
        "name": "(anonymous_3)",
        "decl": {
          "start": {
            "line": 23,
            "column": 9
          },
          "end": {
            "line": 23,
            "column": 10
          }
        },
        "loc": {
          "start": {
            "line": 23,
            "column": 77
          },
          "end": {
            "line": 25,
            "column": 5
          }
        },
        "line": 23
      }
    },
    "branchMap": {
      "0": {
        "loc": {
          "start": {
            "line": 11,
            "column": 26
          },
          "end": {
            "line": 11,
            "column": 57
          }
        },
        "type": "default-arg",
        "locations": [
          {
            "start": {
              "line": 11,
              "column": 55
            },
            "end": {
              "line": 11,
              "column": 57
            }
          }
        ],
        "line": 11
      },
      "1": {
        "loc": {
          "start": {
            "line": 17,
            "column": 42
          },
          "end": {
            "line": 17,
            "column": 73
          }
        },
        "type": "default-arg",
        "locations": [
          {
            "start": {
              "line": 17,
              "column": 71
            },
            "end": {
              "line": 17,
              "column": 73
            }
          }
        ],
        "line": 17
      },
      "2": {
        "loc": {
          "start": {
            "line": 23,
            "column": 41
          },
          "end": {
            "line": 23,
            "column": 72
          }
        },
        "type": "default-arg",
        "locations": [
          {
            "start": {
              "line": 23,
              "column": 70
            },
            "end": {
              "line": 23,
              "column": 72
            }
          }
        ],
        "line": 23
      }
    },
    "s": {
      "0": 39,
      "1": 39,
      "2": 39,
      "3": 90,
      "4": 7,
      "5": 8
    },
    "f": {
      "0": 39,
      "1": 90,
      "2": 7,
      "3": 8
    },
    "b": {
      "0": [
        90
      ],
      "1": [
        7
      ],
      "2": [
        8
      ]
    },
    "_coverageSchema": "1a1c01bbd47fc00a2c39e90264f33305004495a9",
    "hash": "6187b356f539a7f6e292bd0b927fe0b77645d734"
  },
  "/Users/arturkesik/projects/salaryman/front-salaryman/src/api/getTasks.ts": {
    "path": "/Users/arturkesik/projects/salaryman/front-salaryman/src/api/getTasks.ts",
    "statementMap": {
      "0": {
        "start": {
          "line": 5,
          "column": 22
        },
        "end": {
          "line": 5,
          "column": 29
        }
      },
      "1": {
        "start": {
          "line": 8,
          "column": 2
        },
        "end": {
          "line": 8,
          "column": 68
        }
      }
    },
    "fnMap": {
      "0": {
        "name": "getTasksFromBackend",
        "decl": {
          "start": {
            "line": 7,
            "column": 16
          },
          "end": {
            "line": 7,
            "column": 35
          }
        },
        "loc": {
          "start": {
            "line": 7,
            "column": 98
          },
          "end": {
            "line": 9,
            "column": 1
          }
        },
        "line": 7
      }
    },
    "branchMap": {},
    "s": {
      "0": 39,
      "1": 78
    },
    "f": {
      "0": 78
    },
    "b": {},
    "_coverageSchema": "1a1c01bbd47fc00a2c39e90264f33305004495a9",
    "hash": "81c151758f4f3e19394b9545efba41ec525794a5"
  },
  "/Users/arturkesik/projects/salaryman/front-salaryman/src/views/tasks/TaskView/hooks/apiHooks/useGetTasks.ts": {
    "path": "/Users/arturkesik/projects/salaryman/front-salaryman/src/views/tasks/TaskView/hooks/apiHooks/useGetTasks.ts",
    "statementMap": {
      "0": {
        "start": {
          "line": 5,
          "column": 28
        },
        "end": {
          "line": 5,
          "column": 30
        }
      },
      "1": {
        "start": {
          "line": 8,
          "column": 28
        },
        "end": {
          "line": 8,
          "column": 53
        }
      },
      "2": {
        "start": {
          "line": 10,
          "column": 2
        },
        "end": {
          "line": 14,
          "column": 8
        }
      },
      "3": {
        "start": {
          "line": 11,
          "column": 4
        },
        "end": {
          "line": 13,
          "column": 6
        }
      },
      "4": {
        "start": {
          "line": 12,
          "column": 6
        },
        "end": {
          "line": 12,
          "column": 53
        }
      },
      "5": {
        "start": {
          "line": 16,
          "column": 2
        },
        "end": {
          "line": 16,
          "column": 26
        }
      },
      "6": {
        "start": {
          "line": 21,
          "column": 2
        },
        "end": {
          "line": 25,
          "column": 3
        }
      },
      "7": {
        "start": {
          "line": 22,
          "column": 4
        },
        "end": {
          "line": 22,
          "column": 45
        }
      },
      "8": {
        "start": {
          "line": 24,
          "column": 4
        },
        "end": {
          "line": 24,
          "column": 44
        }
      },
      "9": {
        "start": {
          "line": 29,
          "column": 26
        },
        "end": {
          "line": 29,
          "column": 75
        }
      },
      "10": {
        "start": {
          "line": 30,
          "column": 22
        },
        "end": {
          "line": 30,
          "column": 67
        }
      },
      "11": {
        "start": {
          "line": 31,
          "column": 2
        },
        "end": {
          "line": 31,
          "column": 23
        }
      },
      "12": {
        "start": {
          "line": 35,
          "column": 2
        },
        "end": {
          "line": 35,
          "column": 74
        }
      },
      "13": {
        "start": {
          "line": 39,
          "column": 2
        },
        "end": {
          "line": 39,
          "column": 48
        }
      },
      "14": {
        "start": {
          "line": 39,
          "column": 30
        },
        "end": {
          "line": 39,
          "column": 47
        }
      },
      "15": {
        "start": {
          "line": 40,
          "column": 32
        },
        "end": {
          "line": 40,
          "column": 34
        }
      },
      "16": {
        "start": {
          "line": 41,
          "column": 2
        },
        "end": {
          "line": 48,
          "column": 3
        }
      },
      "17": {
        "start": {
          "line": 42,
          "column": 4
        },
        "end": {
          "line": 47,
          "column": 5
        }
      },
      "18": {
        "start": {
          "line": 43,
          "column": 6
        },
        "end": {
          "line": 43,
          "column": 26
        }
      },
      "19": {
        "start": {
          "line": 44,
          "column": 37
        },
        "end": {
          "line": 44,
          "column": 69
        }
      },
      "20": {
        "start": {
          "line": 45,
          "column": 6
        },
        "end": {
          "line": 45,
          "column": 49
        }
      },
      "21": {
        "start": {
          "line": 46,
          "column": 6
        },
        "end": {
          "line": 46,
          "column": 51
        }
      },
      "22": {
        "start": {
          "line": 49,
          "column": 2
        },
        "end": {
          "line": 49,
          "column": 20
        }
      },
      "23": {
        "start": {
          "line": 53,
          "column": 17
        },
        "end": {
          "line": 53,
          "column": 68
        }
      },
      "24": {
        "start": {
          "line": 53,
          "column": 40
        },
        "end": {
          "line": 53,
          "column": 67
        }
      },
      "25": {
        "start": {
          "line": 54,
          "column": 2
        },
        "end": {
          "line": 54,
          "column": 54
        }
      },
      "26": {
        "start": {
          "line": 54,
          "column": 36
        },
        "end": {
          "line": 54,
          "column": 53
        }
      },
      "27": {
        "start": {
          "line": 55,
          "column": 28
        },
        "end": {
          "line": 55,
          "column": 30
        }
      },
      "28": {
        "start": {
          "line": 56,
          "column": 21
        },
        "end": {
          "line": 56,
          "column": 22
        }
      },
      "29": {
        "start": {
          "line": 57,
          "column": 2
        },
        "end": {
          "line": 66,
          "column": 3
        }
      },
      "30": {
        "start": {
          "line": 58,
          "column": 4
        },
        "end": {
          "line": 65,
          "column": 5
        }
      },
      "31": {
        "start": {
          "line": 59,
          "column": 6
        },
        "end": {
          "line": 59,
          "column": 23
        }
      },
      "32": {
        "start": {
          "line": 61,
          "column": 6
        },
        "end": {
          "line": 61,
          "column": 39
        }
      },
      "33": {
        "start": {
          "line": 62,
          "column": 40
        },
        "end": {
          "line": 62,
          "column": 85
        }
      },
      "34": {
        "start": {
          "line": 63,
          "column": 6
        },
        "end": {
          "line": 63,
          "column": 42
        }
      },
      "35": {
        "start": {
          "line": 64,
          "column": 6
        },
        "end": {
          "line": 64,
          "column": 45
        }
      },
      "36": {
        "start": {
          "line": 67,
          "column": 2
        },
        "end": {
          "line": 67,
          "column": 36
        }
      },
      "37": {
        "start": {
          "line": 68,
          "column": 2
        },
        "end": {
          "line": 68,
          "column": 26
        }
      },
      "38": {
        "start": {
          "line": 72,
          "column": 2
        },
        "end": {
          "line": 76,
          "column": 3
        }
      },
      "39": {
        "start": {
          "line": 73,
          "column": 4
        },
        "end": {
          "line": 75,
          "column": 5
        }
      },
      "40": {
        "start": {
          "line": 74,
          "column": 6
        },
        "end": {
          "line": 74,
          "column": 46
        }
      },
      "41": {
        "start": {
          "line": 78,
          "column": 2
        },
        "end": {
          "line": 78,
          "column": 14
        }
      },
      "42": {
        "start": {
          "line": 82,
          "column": 31
        },
        "end": {
          "line": 82,
          "column": 33
        }
      },
      "43": {
        "start": {
          "line": 83,
          "column": 27
        },
        "end": {
          "line": 83,
          "column": 32
        }
      },
      "44": {
        "start": {
          "line": 86,
          "column": 4
        },
        "end": {
          "line": 102,
          "column": 5
        }
      },
      "45": {
        "start": {
          "line": 87,
          "column": 20
        },
        "end": {
          "line": 87,
          "column": 34
        }
      },
      "46": {
        "start": {
          "line": 89,
          "column": 6
        },
        "end": {
          "line": 97,
          "column": 7
        }
      },
      "47": {
        "start": {
          "line": 90,
          "column": 8
        },
        "end": {
          "line": 96,
          "column": 9
        }
      },
      "48": {
        "start": {
          "line": 91,
          "column": 10
        },
        "end": {
          "line": 91,
          "column": 34
        }
      },
      "49": {
        "start": {
          "line": 92,
          "column": 15
        },
        "end": {
          "line": 96,
          "column": 9
        }
      },
      "50": {
        "start": {
          "line": 93,
          "column": 10
        },
        "end": {
          "line": 93,
          "column": 34
        }
      },
      "51": {
        "start": {
          "line": 95,
          "column": 10
        },
        "end": {
          "line": 95,
          "column": 42
        }
      },
      "52": {
        "start": {
          "line": 98,
          "column": 6
        },
        "end": {
          "line": 100,
          "column": 7
        }
      },
      "53": {
        "start": {
          "line": 99,
          "column": 8
        },
        "end": {
          "line": 99,
          "column": 31
        }
      },
      "54": {
        "start": {
          "line": 101,
          "column": 6
        },
        "end": {
          "line": 101,
          "column": 28
        }
      },
      "55": {
        "start": {
          "line": 103,
          "column": 4
        },
        "end": {
          "line": 103,
          "column": 19
        }
      }
    },
    "fnMap": {
      "0": {
        "name": "useGetTasksFromBackendAndSet",
        "decl": {
          "start": {
            "line": 7,
            "column": 16
          },
          "end": {
            "line": 7,
            "column": 44
          }
        },
        "loc": {
          "start": {
            "line": 7,
            "column": 71
          },
          "end": {
            "line": 17,
            "column": 1
          }
        },
        "line": 7
      },
      "1": {
        "name": "(anonymous_1)",
        "decl": {
          "start": {
            "line": 10,
            "column": 18
          },
          "end": {
            "line": 10,
            "column": 19
          }
        },
        "loc": {
          "start": {
            "line": 10,
            "column": 24
          },
          "end": {
            "line": 14,
            "column": 3
          }
        },
        "line": 10
      },
      "2": {
        "name": "(anonymous_2)",
        "decl": {
          "start": {
            "line": 11,
            "column": 31
          },
          "end": {
            "line": 11,
            "column": 32
          }
        },
        "loc": {
          "start": {
            "line": 11,
            "column": 45
          },
          "end": {
            "line": 13,
            "column": 5
          }
        },
        "line": 11
      },
      "3": {
        "name": "handleGetTasksResponse",
        "decl": {
          "start": {
            "line": 20,
            "column": 15
          },
          "end": {
            "line": 20,
            "column": 37
          }
        },
        "loc": {
          "start": {
            "line": 20,
            "column": 86
          },
          "end": {
            "line": 26,
            "column": 1
          }
        },
        "line": 20
      },
      "4": {
        "name": "setInitialTasks",
        "decl": {
          "start": {
            "line": 28,
            "column": 9
          },
          "end": {
            "line": 28,
            "column": 24
          }
        },
        "loc": {
          "start": {
            "line": 28,
            "column": 64
          },
          "end": {
            "line": 32,
            "column": 1
          }
        },
        "line": 28
      },
      "5": {
        "name": "displayGetErrorIfResponseError",
        "decl": {
          "start": {
            "line": 34,
            "column": 9
          },
          "end": {
            "line": 34,
            "column": 39
          }
        },
        "loc": {
          "start": {
            "line": 34,
            "column": 68
          },
          "end": {
            "line": 36,
            "column": 1
          }
        },
        "line": 34
      },
      "6": {
        "name": "prepareTasksWithIntendationAndDoneChildren",
        "decl": {
          "start": {
            "line": 38,
            "column": 9
          },
          "end": {
            "line": 38,
            "column": 51
          }
        },
        "loc": {
          "start": {
            "line": 38,
            "column": 71
          },
          "end": {
            "line": 50,
            "column": 1
          }
        },
        "line": 38
      },
      "7": {
        "name": "(anonymous_7)",
        "decl": {
          "start": {
            "line": 39,
            "column": 21
          },
          "end": {
            "line": 39,
            "column": 22
          }
        },
        "loc": {
          "start": {
            "line": 39,
            "column": 30
          },
          "end": {
            "line": 39,
            "column": 47
          }
        },
        "line": 39
      },
      "8": {
        "name": "findTaskChildren",
        "decl": {
          "start": {
            "line": 52,
            "column": 9
          },
          "end": {
            "line": 52,
            "column": 25
          }
        },
        "loc": {
          "start": {
            "line": 52,
            "column": 108
          },
          "end": {
            "line": 69,
            "column": 1
          }
        },
        "line": 52
      },
      "9": {
        "name": "(anonymous_9)",
        "decl": {
          "start": {
            "line": 53,
            "column": 30
          },
          "end": {
            "line": 53,
            "column": 31
          }
        },
        "loc": {
          "start": {
            "line": 53,
            "column": 40
          },
          "end": {
            "line": 53,
            "column": 67
          }
        },
        "line": 53
      },
      "10": {
        "name": "(anonymous_10)",
        "decl": {
          "start": {
            "line": 54,
            "column": 27
          },
          "end": {
            "line": 54,
            "column": 28
          }
        },
        "loc": {
          "start": {
            "line": 54,
            "column": 36
          },
          "end": {
            "line": 54,
            "column": 53
          }
        },
        "line": 54
      },
      "11": {
        "name": "hidTaskThatShouldBeCollapsed",
        "decl": {
          "start": {
            "line": 71,
            "column": 9
          },
          "end": {
            "line": 71,
            "column": 37
          }
        },
        "loc": {
          "start": {
            "line": 71,
            "column": 57
          },
          "end": {
            "line": 79,
            "column": 1
          }
        },
        "line": 71
      },
      "12": {
        "name": "hideChildrenInState",
        "decl": {
          "start": {
            "line": 81,
            "column": 9
          },
          "end": {
            "line": 81,
            "column": 28
          }
        },
        "loc": {
          "start": {
            "line": 81,
            "column": 64
          },
          "end": {
            "line": 104,
            "column": 1
          }
        },
        "line": 81
      }
    },
    "branchMap": {
      "0": {
        "loc": {
          "start": {
            "line": 21,
            "column": 2
          },
          "end": {
            "line": 25,
            "column": 3
          }
        },
        "type": "if",
        "locations": [
          {
            "start": {
              "line": 21,
              "column": 2
            },
            "end": {
              "line": 25,
              "column": 3
            }
          },
          {
            "start": {
              "line": 21,
              "column": 2
            },
            "end": {
              "line": 25,
              "column": 3
            }
          }
        ],
        "line": 21
      },
      "1": {
        "loc": {
          "start": {
            "line": 42,
            "column": 4
          },
          "end": {
            "line": 47,
            "column": 5
          }
        },
        "type": "if",
        "locations": [
          {
            "start": {
              "line": 42,
              "column": 4
            },
            "end": {
              "line": 47,
              "column": 5
            }
          },
          {
            "start": {
              "line": 42,
              "column": 4
            },
            "end": {
              "line": 47,
              "column": 5
            }
          }
        ],
        "line": 42
      },
      "2": {
        "loc": {
          "start": {
            "line": 58,
            "column": 4
          },
          "end": {
            "line": 65,
            "column": 5
          }
        },
        "type": "if",
        "locations": [
          {
            "start": {
              "line": 58,
              "column": 4
            },
            "end": {
              "line": 65,
              "column": 5
            }
          },
          {
            "start": {
              "line": 58,
              "column": 4
            },
            "end": {
              "line": 65,
              "column": 5
            }
          }
        ],
        "line": 58
      },
      "3": {
        "loc": {
          "start": {
            "line": 73,
            "column": 4
          },
          "end": {
            "line": 75,
            "column": 5
          }
        },
        "type": "if",
        "locations": [
          {
            "start": {
              "line": 73,
              "column": 4
            },
            "end": {
              "line": 75,
              "column": 5
            }
          },
          {
            "start": {
              "line": 73,
              "column": 4
            },
            "end": {
              "line": 75,
              "column": 5
            }
          }
        ],
        "line": 73
      },
      "4": {
        "loc": {
          "start": {
            "line": 89,
            "column": 6
          },
          "end": {
            "line": 97,
            "column": 7
          }
        },
        "type": "if",
        "locations": [
          {
            "start": {
              "line": 89,
              "column": 6
            },
            "end": {
              "line": 97,
              "column": 7
            }
          },
          {
            "start": {
              "line": 89,
              "column": 6
            },
            "end": {
              "line": 97,
              "column": 7
            }
          }
        ],
        "line": 89
      },
      "5": {
        "loc": {
          "start": {
            "line": 90,
            "column": 8
          },
          "end": {
            "line": 96,
            "column": 9
          }
        },
        "type": "if",
        "locations": [
          {
            "start": {
              "line": 90,
              "column": 8
            },
            "end": {
              "line": 96,
              "column": 9
            }
          },
          {
            "start": {
              "line": 90,
              "column": 8
            },
            "end": {
              "line": 96,
              "column": 9
            }
          }
        ],
        "line": 90
      },
      "6": {
        "loc": {
          "start": {
            "line": 92,
            "column": 15
          },
          "end": {
            "line": 96,
            "column": 9
          }
        },
        "type": "if",
        "locations": [
          {
            "start": {
              "line": 92,
              "column": 15
            },
            "end": {
              "line": 96,
              "column": 9
            }
          },
          {
            "start": {
              "line": 92,
              "column": 15
            },
            "end": {
              "line": 96,
              "column": 9
            }
          }
        ],
        "line": 92
      },
      "7": {
        "loc": {
          "start": {
            "line": 98,
            "column": 6
          },
          "end": {
            "line": 100,
            "column": 7
          }
        },
        "type": "if",
        "locations": [
          {
            "start": {
              "line": 98,
              "column": 6
            },
            "end": {
              "line": 100,
              "column": 7
            }
          },
          {
            "start": {
              "line": 98,
              "column": 6
            },
            "end": {
              "line": 100,
              "column": 7
            }
          }
        ],
        "line": 98
      }
    },
    "s": {
      "0": 39,
      "1": 956,
      "2": 956,
      "3": 78,
      "4": 73,
      "5": 956,
      "6": 73,
      "7": 73,
      "8": 0,
      "9": 73,
      "10": 73,
      "11": 73,
      "12": 0,
      "13": 73,
      "14": 188,
      "15": 73,
      "16": 73,
      "17": 148,
      "18": 88,
      "19": 88,
      "20": 88,
      "21": 88,
      "22": 73,
      "23": 148,
      "24": 524,
      "25": 148,
      "26": 30,
      "27": 148,
      "28": 148,
      "29": 148,
      "30": 60,
      "31": 0,
      "32": 60,
      "33": 60,
      "34": 60,
      "35": 60,
      "36": 148,
      "37": 148,
      "38": 73,
      "39": 148,
      "40": 0,
      "41": 73,
      "42": 0,
      "43": 0,
      "44": 0,
      "45": 0,
      "46": 0,
      "47": 0,
      "48": 0,
      "49": 0,
      "50": 0,
      "51": 0,
      "52": 0,
      "53": 0,
      "54": 0,
      "55": 0
    },
    "f": {
      "0": 956,
      "1": 78,
      "2": 73,
      "3": 73,
      "4": 73,
      "5": 0,
      "6": 73,
      "7": 188,
      "8": 148,
      "9": 524,
      "10": 30,
      "11": 73,
      "12": 0
    },
    "b": {
      "0": [
        73,
        0
      ],
      "1": [
        88,
        60
      ],
      "2": [
        0,
        60
      ],
      "3": [
        0,
        148
      ],
      "4": [
        0,
        0
      ],
      "5": [
        0,
        0
      ],
      "6": [
        0,
        0
      ],
      "7": [
        0,
        0
      ]
    },
    "_coverageSchema": "1a1c01bbd47fc00a2c39e90264f33305004495a9",
    "hash": "61af891996d22f3a18841b3edd6332dcc4ef46a6"
  },
  "/Users/arturkesik/projects/salaryman/front-salaryman/src/api/saveTask.ts": {
    "path": "/Users/arturkesik/projects/salaryman/front-salaryman/src/api/saveTask.ts",
    "statementMap": {
      "0": {
        "start": {
          "line": 5,
          "column": 23
        },
        "end": {
          "line": 5,
          "column": 34
        }
      },
      "1": {
        "start": {
          "line": 8,
          "column": 2
        },
        "end": {
          "line": 8,
          "column": 100
        }
      }
    },
    "fnMap": {
      "0": {
        "name": "saveTask",
        "decl": {
          "start": {
            "line": 7,
            "column": 16
          },
          "end": {
            "line": 7,
            "column": 24
          }
        },
        "loc": {
          "start": {
            "line": 7,
            "column": 129
          },
          "end": {
            "line": 9,
            "column": 1
          }
        },
        "line": 7
      }
    },
    "branchMap": {},
    "s": {
      "0": 39,
      "1": 1
    },
    "f": {
      "0": 1
    },
    "b": {},
    "_coverageSchema": "1a1c01bbd47fc00a2c39e90264f33305004495a9",
    "hash": "8492cb0c0e978b8ce14d3053d488b914e3d4956e"
  },
  "/Users/arturkesik/projects/salaryman/front-salaryman/src/views/tasks/TaskView/hooks/apiHooks/saveTask.ts": {
    "path": "/Users/arturkesik/projects/salaryman/front-salaryman/src/views/tasks/TaskView/hooks/apiHooks/saveTask.ts",
    "statementMap": {
      "0": {
        "start": {
          "line": 6,
          "column": 2
        },
        "end": {
          "line": 10,
          "column": 3
        }
      },
      "1": {
        "start": {
          "line": 7,
          "column": 4
        },
        "end": {
          "line": 7,
          "column": 47
        }
      },
      "2": {
        "start": {
          "line": 9,
          "column": 4
        },
        "end": {
          "line": 9,
          "column": 41
        }
      },
      "3": {
        "start": {
          "line": 14,
          "column": 2
        },
        "end": {
          "line": 25,
          "column": 4
        }
      },
      "4": {
        "start": {
          "line": 15,
          "column": 19
        },
        "end": {
          "line": 15,
          "column": 29
        }
      },
      "5": {
        "start": {
          "line": 16,
          "column": 4
        },
        "end": {
          "line": 23,
          "column": 5
        }
      },
      "6": {
        "start": {
          "line": 17,
          "column": 6
        },
        "end": {
          "line": 17,
          "column": 55
        }
      },
      "7": {
        "start": {
          "line": 18,
          "column": 36
        },
        "end": {
          "line": 18,
          "column": 75
        }
      },
      "8": {
        "start": {
          "line": 19,
          "column": 6
        },
        "end": {
          "line": 19,
          "column": 62
        }
      },
      "9": {
        "start": {
          "line": 21,
          "column": 6
        },
        "end": {
          "line": 21,
          "column": 35
        }
      },
      "10": {
        "start": {
          "line": 22,
          "column": 6
        },
        "end": {
          "line": 22,
          "column": 34
        }
      },
      "11": {
        "start": {
          "line": 24,
          "column": 4
        },
        "end": {
          "line": 24,
          "column": 19
        }
      },
      "12": {
        "start": {
          "line": 29,
          "column": 17
        },
        "end": {
          "line": 29,
          "column": 85
        }
      },
      "13": {
        "start": {
          "line": 29,
          "column": 38
        },
        "end": {
          "line": 29,
          "column": 72
        }
      },
      "14": {
        "start": {
          "line": 30,
          "column": 2
        },
        "end": {
          "line": 30,
          "column": 52
        }
      },
      "15": {
        "start": {
          "line": 31,
          "column": 2
        },
        "end": {
          "line": 31,
          "column": 17
        }
      },
      "16": {
        "start": {
          "line": 35,
          "column": 2
        },
        "end": {
          "line": 37,
          "column": 3
        }
      },
      "17": {
        "start": {
          "line": 36,
          "column": 4
        },
        "end": {
          "line": 36,
          "column": 23
        }
      },
      "18": {
        "start": {
          "line": 39,
          "column": 17
        },
        "end": {
          "line": 39,
          "column": 84
        }
      },
      "19": {
        "start": {
          "line": 39,
          "column": 38
        },
        "end": {
          "line": 39,
          "column": 71
        }
      },
      "20": {
        "start": {
          "line": 40,
          "column": 17
        },
        "end": {
          "line": 40,
          "column": 74
        }
      },
      "21": {
        "start": {
          "line": 40,
          "column": 40
        },
        "end": {
          "line": 40,
          "column": 73
        }
      },
      "22": {
        "start": {
          "line": 41,
          "column": 32
        },
        "end": {
          "line": 41,
          "column": 54
        }
      },
      "23": {
        "start": {
          "line": 43,
          "column": 2
        },
        "end": {
          "line": 47,
          "column": 3
        }
      },
      "24": {
        "start": {
          "line": 44,
          "column": 4
        },
        "end": {
          "line": 44,
          "column": 43
        }
      },
      "25": {
        "start": {
          "line": 46,
          "column": 4
        },
        "end": {
          "line": 46,
          "column": 57
        }
      },
      "26": {
        "start": {
          "line": 52,
          "column": 2
        },
        "end": {
          "line": 52,
          "column": 74
        }
      }
    },
    "fnMap": {
      "0": {
        "name": "handleNewTaskResponse",
        "decl": {
          "start": {
            "line": 5,
            "column": 16
          },
          "end": {
            "line": 5,
            "column": 37
          }
        },
        "loc": {
          "start": {
            "line": 5,
            "column": 85
          },
          "end": {
            "line": 11,
            "column": 1
          }
        },
        "line": 5
      },
      "1": {
        "name": "updateStateIfResponseOk",
        "decl": {
          "start": {
            "line": 13,
            "column": 9
          },
          "end": {
            "line": 13,
            "column": 32
          }
        },
        "loc": {
          "start": {
            "line": 13,
            "column": 80
          },
          "end": {
            "line": 26,
            "column": 1
          }
        },
        "line": 13
      },
      "2": {
        "name": "(anonymous_2)",
        "decl": {
          "start": {
            "line": 14,
            "column": 11
          },
          "end": {
            "line": 14,
            "column": 12
          }
        },
        "loc": {
          "start": {
            "line": 14,
            "column": 34
          },
          "end": {
            "line": 25,
            "column": 3
          }
        },
        "line": 14
      },
      "3": {
        "name": "setCorrectIntendation",
        "decl": {
          "start": {
            "line": 28,
            "column": 9
          },
          "end": {
            "line": 28,
            "column": 30
          }
        },
        "loc": {
          "start": {
            "line": 28,
            "column": 77
          },
          "end": {
            "line": 32,
            "column": 1
          }
        },
        "line": 28
      },
      "4": {
        "name": "(anonymous_4)",
        "decl": {
          "start": {
            "line": 29,
            "column": 28
          },
          "end": {
            "line": 29,
            "column": 29
          }
        },
        "loc": {
          "start": {
            "line": 29,
            "column": 38
          },
          "end": {
            "line": 29,
            "column": 72
          }
        },
        "line": 29
      },
      "5": {
        "name": "findAncestorUncle",
        "decl": {
          "start": {
            "line": 34,
            "column": 9
          },
          "end": {
            "line": 34,
            "column": 26
          }
        },
        "loc": {
          "start": {
            "line": 34,
            "column": 78
          },
          "end": {
            "line": 48,
            "column": 1
          }
        },
        "line": 34
      },
      "6": {
        "name": "(anonymous_6)",
        "decl": {
          "start": {
            "line": 39,
            "column": 28
          },
          "end": {
            "line": 39,
            "column": 29
          }
        },
        "loc": {
          "start": {
            "line": 39,
            "column": 38
          },
          "end": {
            "line": 39,
            "column": 71
          }
        },
        "line": 39
      },
      "7": {
        "name": "(anonymous_7)",
        "decl": {
          "start": {
            "line": 40,
            "column": 30
          },
          "end": {
            "line": 40,
            "column": 31
          }
        },
        "loc": {
          "start": {
            "line": 40,
            "column": 40
          },
          "end": {
            "line": 40,
            "column": 73
          }
        },
        "line": 40
      },
      "8": {
        "name": "displayErrorIfResponseError",
        "decl": {
          "start": {
            "line": 51,
            "column": 9
          },
          "end": {
            "line": 51,
            "column": 36
          }
        },
        "loc": {
          "start": {
            "line": 51,
            "column": 64
          },
          "end": {
            "line": 53,
            "column": 1
          }
        },
        "line": 51
      }
    },
    "branchMap": {
      "0": {
        "loc": {
          "start": {
            "line": 6,
            "column": 2
          },
          "end": {
            "line": 10,
            "column": 3
          }
        },
        "type": "if",
        "locations": [
          {
            "start": {
              "line": 6,
              "column": 2
            },
            "end": {
              "line": 10,
              "column": 3
            }
          },
          {
            "start": {
              "line": 6,
              "column": 2
            },
            "end": {
              "line": 10,
              "column": 3
            }
          }
        ],
        "line": 6
      },
      "1": {
        "loc": {
          "start": {
            "line": 16,
            "column": 4
          },
          "end": {
            "line": 23,
            "column": 5
          }
        },
        "type": "if",
        "locations": [
          {
            "start": {
              "line": 16,
              "column": 4
            },
            "end": {
              "line": 23,
              "column": 5
            }
          },
          {
            "start": {
              "line": 16,
              "column": 4
            },
            "end": {
              "line": 23,
              "column": 5
            }
          }
        ],
        "line": 16
      },
      "2": {
        "loc": {
          "start": {
            "line": 35,
            "column": 2
          },
          "end": {
            "line": 37,
            "column": 3
          }
        },
        "type": "if",
        "locations": [
          {
            "start": {
              "line": 35,
              "column": 2
            },
            "end": {
              "line": 37,
              "column": 3
            }
          },
          {
            "start": {
              "line": 35,
              "column": 2
            },
            "end": {
              "line": 37,
              "column": 3
            }
          }
        ],
        "line": 35
      },
      "3": {
        "loc": {
          "start": {
            "line": 43,
            "column": 2
          },
          "end": {
            "line": 47,
            "column": 3
          }
        },
        "type": "if",
        "locations": [
          {
            "start": {
              "line": 43,
              "column": 2
            },
            "end": {
              "line": 47,
              "column": 3
            }
          },
          {
            "start": {
              "line": 43,
              "column": 2
            },
            "end": {
              "line": 47,
              "column": 3
            }
          }
        ],
        "line": 43
      }
    },
    "s": {
      "0": 1,
      "1": 1,
      "2": 0,
      "3": 1,
      "4": 2,
      "5": 2,
      "6": 0,
      "7": 0,
      "8": 0,
      "9": 2,
      "10": 2,
      "11": 2,
      "12": 0,
      "13": 0,
      "14": 0,
      "15": 0,
      "16": 0,
      "17": 0,
      "18": 0,
      "19": 0,
      "20": 0,
      "21": 0,
      "22": 0,
      "23": 0,
      "24": 0,
      "25": 0,
      "26": 0
    },
    "f": {
      "0": 1,
      "1": 1,
      "2": 2,
      "3": 0,
      "4": 0,
      "5": 0,
      "6": 0,
      "7": 0,
      "8": 0
    },
    "b": {
      "0": [
        1,
        0
      ],
      "1": [
        0,
        2
      ],
      "2": [
        0,
        0
      ],
      "3": [
        0,
        0
      ]
    },
    "_coverageSchema": "1a1c01bbd47fc00a2c39e90264f33305004495a9",
    "hash": "b9f668000b862917ad3aa0e22f306450f46cb327"
  },
  "/Users/arturkesik/projects/salaryman/front-salaryman/src/api/updateTask.ts": {
    "path": "/Users/arturkesik/projects/salaryman/front-salaryman/src/api/updateTask.ts",
    "statementMap": {
      "0": {
        "start": {
          "line": 5,
          "column": 25
        },
        "end": {
          "line": 5,
          "column": 32
        }
      },
      "1": {
        "start": {
          "line": 8,
          "column": 2
        },
        "end": {
          "line": 8,
          "column": 77
        }
      },
      "2": {
        "start": {
          "line": 12,
          "column": 2
        },
        "end": {
          "line": 12,
          "column": 74
        }
      }
    },
    "fnMap": {
      "0": {
        "name": "markTaskAsCollapsed",
        "decl": {
          "start": {
            "line": 7,
            "column": 16
          },
          "end": {
            "line": 7,
            "column": 35
          }
        },
        "loc": {
          "start": {
            "line": 7,
            "column": 109
          },
          "end": {
            "line": 9,
            "column": 1
          }
        },
        "line": 7
      },
      "1": {
        "name": "markTaskAsDoneInBackend",
        "decl": {
          "start": {
            "line": 11,
            "column": 16
          },
          "end": {
            "line": 11,
            "column": 39
          }
        },
        "loc": {
          "start": {
            "line": 11,
            "column": 110
          },
          "end": {
            "line": 13,
            "column": 1
          }
        },
        "line": 11
      }
    },
    "branchMap": {},
    "s": {
      "0": 39,
      "1": 4,
      "2": 4
    },
    "f": {
      "0": 4,
      "1": 4
    },
    "b": {},
    "_coverageSchema": "1a1c01bbd47fc00a2c39e90264f33305004495a9",
    "hash": "145d76543985549a912c97c03d2460528552d841"
  },
  "/Users/arturkesik/projects/salaryman/front-salaryman/src/views/tasks/TaskView/hooks/apiHooks/updateTask.ts": {
    "path": "/Users/arturkesik/projects/salaryman/front-salaryman/src/views/tasks/TaskView/hooks/apiHooks/updateTask.ts",
    "statementMap": {
      "0": {
        "start": {
          "line": 4,
          "column": 2
        },
        "end": {
          "line": 20,
          "column": 4
        }
      },
      "1": {
        "start": {
          "line": 5,
          "column": 21
        },
        "end": {
          "line": 5,
          "column": 66
        }
      },
      "2": {
        "start": {
          "line": 5,
          "column": 40
        },
        "end": {
          "line": 5,
          "column": 53
        }
      },
      "3": {
        "start": {
          "line": 6,
          "column": 19
        },
        "end": {
          "line": 6,
          "column": 77
        }
      },
      "4": {
        "start": {
          "line": 6,
          "column": 43
        },
        "end": {
          "line": 6,
          "column": 76
        }
      },
      "5": {
        "start": {
          "line": 7,
          "column": 19
        },
        "end": {
          "line": 7,
          "column": 20
        }
      },
      "6": {
        "start": {
          "line": 8,
          "column": 4
        },
        "end": {
          "line": 10,
          "column": 5
        }
      },
      "7": {
        "start": {
          "line": 9,
          "column": 6
        },
        "end": {
          "line": 9,
          "column": 26
        }
      },
      "8": {
        "start": {
          "line": 11,
          "column": 32
        },
        "end": {
          "line": 11,
          "column": 34
        }
      },
      "9": {
        "start": {
          "line": 12,
          "column": 4
        },
        "end": {
          "line": 19,
          "column": 17
        }
      },
      "10": {
        "start": {
          "line": 13,
          "column": 6
        },
        "end": {
          "line": 17,
          "column": 7
        }
      },
      "11": {
        "start": {
          "line": 14,
          "column": 8
        },
        "end": {
          "line": 14,
          "column": 67
        }
      },
      "12": {
        "start": {
          "line": 15,
          "column": 13
        },
        "end": {
          "line": 17,
          "column": 7
        }
      },
      "13": {
        "start": {
          "line": 16,
          "column": 8
        },
        "end": {
          "line": 16,
          "column": 25
        }
      },
      "14": {
        "start": {
          "line": 18,
          "column": 6
        },
        "end": {
          "line": 18,
          "column": 19
        }
      }
    },
    "fnMap": {
      "0": {
        "name": "updateTaskIsDone",
        "decl": {
          "start": {
            "line": 3,
            "column": 16
          },
          "end": {
            "line": 3,
            "column": 32
          }
        },
        "loc": {
          "start": {
            "line": 3,
            "column": 82
          },
          "end": {
            "line": 21,
            "column": 1
          }
        },
        "line": 3
      },
      "1": {
        "name": "(anonymous_1)",
        "decl": {
          "start": {
            "line": 4,
            "column": 11
          },
          "end": {
            "line": 4,
            "column": 12
          }
        },
        "loc": {
          "start": {
            "line": 4,
            "column": 34
          },
          "end": {
            "line": 20,
            "column": 3
          }
        },
        "line": 4
      },
      "2": {
        "name": "(anonymous_2)",
        "decl": {
          "start": {
            "line": 5,
            "column": 32
          },
          "end": {
            "line": 5,
            "column": 33
          }
        },
        "loc": {
          "start": {
            "line": 5,
            "column": 40
          },
          "end": {
            "line": 5,
            "column": 53
          }
        },
        "line": 5
      },
      "3": {
        "name": "(anonymous_3)",
        "decl": {
          "start": {
            "line": 6,
            "column": 30
          },
          "end": {
            "line": 6,
            "column": 31
          }
        },
        "loc": {
          "start": {
            "line": 6,
            "column": 43
          },
          "end": {
            "line": 6,
            "column": 76
          }
        },
        "line": 6
      },
      "4": {
        "name": "(anonymous_4)",
        "decl": {
          "start": {
            "line": 12,
            "column": 24
          },
          "end": {
            "line": 12,
            "column": 25
          }
        },
        "loc": {
          "start": {
            "line": 12,
            "column": 42
          },
          "end": {
            "line": 19,
            "column": 5
          }
        },
        "line": 12
      }
    },
    "branchMap": {
      "0": {
        "loc": {
          "start": {
            "line": 8,
            "column": 4
          },
          "end": {
            "line": 10,
            "column": 5
          }
        },
        "type": "if",
        "locations": [
          {
            "start": {
              "line": 8,
              "column": 4
            },
            "end": {
              "line": 10,
              "column": 5
            }
          },
          {
            "start": {
              "line": 8,
              "column": 4
            },
            "end": {
              "line": 10,
              "column": 5
            }
          }
        ],
        "line": 8
      },
      "1": {
        "loc": {
          "start": {
            "line": 13,
            "column": 6
          },
          "end": {
            "line": 17,
            "column": 7
          }
        },
        "type": "if",
        "locations": [
          {
            "start": {
              "line": 13,
              "column": 6
            },
            "end": {
              "line": 17,
              "column": 7
            }
          },
          {
            "start": {
              "line": 13,
              "column": 6
            },
            "end": {
              "line": 17,
              "column": 7
            }
          }
        ],
        "line": 13
      },
      "2": {
        "loc": {
          "start": {
            "line": 15,
            "column": 13
          },
          "end": {
            "line": 17,
            "column": 7
          }
        },
        "type": "if",
        "locations": [
          {
            "start": {
              "line": 15,
              "column": 13
            },
            "end": {
              "line": 17,
              "column": 7
            }
          },
          {
            "start": {
              "line": 15,
              "column": 13
            },
            "end": {
              "line": 17,
              "column": 7
            }
          }
        ],
        "line": 15
      }
    },
    "s": {
      "0": 4,
      "1": 6,
      "2": 12,
      "3": 6,
      "4": 6,
      "5": 6,
      "6": 6,
      "7": 6,
      "8": 6,
      "9": 6,
      "10": 24,
      "11": 6,
      "12": 18,
      "13": 12,
      "14": 24
    },
    "f": {
      "0": 4,
      "1": 6,
      "2": 12,
      "3": 6,
      "4": 24
    },
    "b": {
      "0": [
        6,
        0
      ],
      "1": [
        6,
        18
      ],
      "2": [
        12,
        6
      ]
    },
    "_coverageSchema": "1a1c01bbd47fc00a2c39e90264f33305004495a9",
    "hash": "96b987799c252dd8efee2dafbd7cf1a558211db4"
  },
  "/Users/arturkesik/projects/salaryman/front-salaryman/src/views/tasks/TaskView/hooks/useHoldKeyboardShortcuts.ts": {
    "path": "/Users/arturkesik/projects/salaryman/front-salaryman/src/views/tasks/TaskView/hooks/useHoldKeyboardShortcuts.ts",
    "statementMap": {
      "0": {
        "start": {
          "line": 8,
          "column": 27
        },
        "end": {
          "line": 8,
          "column": 66
        }
      },
      "1": {
        "start": {
          "line": 9,
          "column": 25
        },
        "end": {
          "line": 9,
          "column": 64
        }
      },
      "2": {
        "start": {
          "line": 11,
          "column": 2
        },
        "end": {
          "line": 16,
          "column": 9
        }
      },
      "3": {
        "start": {
          "line": 12,
          "column": 4
        },
        "end": {
          "line": 15,
          "column": 5
        }
      },
      "4": {
        "start": {
          "line": 13,
          "column": 6
        },
        "end": {
          "line": 13,
          "column": 54
        }
      },
      "5": {
        "start": {
          "line": 14,
          "column": 6
        },
        "end": {
          "line": 14,
          "column": 50
        }
      },
      "6": {
        "start": {
          "line": 18,
          "column": 2
        },
        "end": {
          "line": 23,
          "column": 22
        }
      },
      "7": {
        "start": {
          "line": 19,
          "column": 4
        },
        "end": {
          "line": 22,
          "column": 5
        }
      },
      "8": {
        "start": {
          "line": 20,
          "column": 6
        },
        "end": {
          "line": 20,
          "column": 32
        }
      },
      "9": {
        "start": {
          "line": 21,
          "column": 6
        },
        "end": {
          "line": 21,
          "column": 54
        }
      },
      "10": {
        "start": {
          "line": 25,
          "column": 2
        },
        "end": {
          "line": 30,
          "column": 20
        }
      },
      "11": {
        "start": {
          "line": 26,
          "column": 4
        },
        "end": {
          "line": 29,
          "column": 5
        }
      },
      "12": {
        "start": {
          "line": 27,
          "column": 6
        },
        "end": {
          "line": 27,
          "column": 31
        }
      },
      "13": {
        "start": {
          "line": 28,
          "column": 6
        },
        "end": {
          "line": 28,
          "column": 50
        }
      },
      "14": {
        "start": {
          "line": 32,
          "column": 24
        },
        "end": {
          "line": 40,
          "column": 50
        }
      },
      "15": {
        "start": {
          "line": 33,
          "column": 4
        },
        "end": {
          "line": 39,
          "column": 5
        }
      },
      "16": {
        "start": {
          "line": 34,
          "column": 6
        },
        "end": {
          "line": 38,
          "column": 7
        }
      },
      "17": {
        "start": {
          "line": 35,
          "column": 8
        },
        "end": {
          "line": 35,
          "column": 60
        }
      },
      "18": {
        "start": {
          "line": 36,
          "column": 13
        },
        "end": {
          "line": 38,
          "column": 7
        }
      },
      "19": {
        "start": {
          "line": 37,
          "column": 8
        },
        "end": {
          "line": 37,
          "column": 56
        }
      },
      "20": {
        "start": {
          "line": 42,
          "column": 22
        },
        "end": {
          "line": 48,
          "column": 36
        }
      },
      "21": {
        "start": {
          "line": 43,
          "column": 4
        },
        "end": {
          "line": 47,
          "column": 5
        }
      },
      "22": {
        "start": {
          "line": 44,
          "column": 6
        },
        "end": {
          "line": 44,
          "column": 54
        }
      },
      "23": {
        "start": {
          "line": 45,
          "column": 11
        },
        "end": {
          "line": 47,
          "column": 5
        }
      },
      "24": {
        "start": {
          "line": 46,
          "column": 6
        },
        "end": {
          "line": 46,
          "column": 50
        }
      },
      "25": {
        "start": {
          "line": 50,
          "column": 23
        },
        "end": {
          "line": 55,
          "column": 3
        }
      },
      "26": {
        "start": {
          "line": 51,
          "column": 4
        },
        "end": {
          "line": 51,
          "column": 28
        }
      },
      "27": {
        "start": {
          "line": 51,
          "column": 21
        },
        "end": {
          "line": 51,
          "column": 28
        }
      },
      "28": {
        "start": {
          "line": 52,
          "column": 4
        },
        "end": {
          "line": 54,
          "column": 11
        }
      },
      "29": {
        "start": {
          "line": 53,
          "column": 6
        },
        "end": {
          "line": 53,
          "column": 48
        }
      },
      "30": {
        "start": {
          "line": 53,
          "column": 33
        },
        "end": {
          "line": 53,
          "column": 47
        }
      },
      "31": {
        "start": {
          "line": 57,
          "column": 22
        },
        "end": {
          "line": 63,
          "column": 3
        }
      },
      "32": {
        "start": {
          "line": 58,
          "column": 4
        },
        "end": {
          "line": 62,
          "column": 5
        }
      },
      "33": {
        "start": {
          "line": 59,
          "column": 6
        },
        "end": {
          "line": 59,
          "column": 33
        }
      },
      "34": {
        "start": {
          "line": 60,
          "column": 6
        },
        "end": {
          "line": 60,
          "column": 25
        }
      },
      "35": {
        "start": {
          "line": 61,
          "column": 6
        },
        "end": {
          "line": 61,
          "column": 17
        }
      },
      "36": {
        "start": {
          "line": 65,
          "column": 2
        },
        "end": {
          "line": 65,
          "column": 78
        }
      },
      "37": {
        "start": {
          "line": 68,
          "column": 4
        },
        "end": {
          "line": 68,
          "column": 55
        }
      },
      "38": {
        "start": {
          "line": 69,
          "column": 4
        },
        "end": {
          "line": 69,
          "column": 51
        }
      },
      "39": {
        "start": {
          "line": 70,
          "column": 4
        },
        "end": {
          "line": 73,
          "column": 5
        }
      },
      "40": {
        "start": {
          "line": 71,
          "column": 6
        },
        "end": {
          "line": 71,
          "column": 60
        }
      },
      "41": {
        "start": {
          "line": 72,
          "column": 6
        },
        "end": {
          "line": 72,
          "column": 56
        }
      }
    },
    "fnMap": {
      "0": {
        "name": "useHoldKeyboardShortcuts",
        "decl": {
          "start": {
            "line": 4,
            "column": 24
          },
          "end": {
            "line": 4,
            "column": 48
          }
        },
        "loc": {
          "start": {
            "line": 7,
            "column": 93
          },
          "end": {
            "line": 75,
            "column": 1
          }
        },
        "line": 7
      },
      "1": {
        "name": "(anonymous_1)",
        "decl": {
          "start": {
            "line": 11,
            "column": 18
          },
          "end": {
            "line": 11,
            "column": 19
          }
        },
        "loc": {
          "start": {
            "line": 11,
            "column": 24
          },
          "end": {
            "line": 16,
            "column": 3
          }
        },
        "line": 11
      },
      "2": {
        "name": "(anonymous_2)",
        "decl": {
          "start": {
            "line": 12,
            "column": 11
          },
          "end": {
            "line": 12,
            "column": 12
          }
        },
        "loc": {
          "start": {
            "line": 12,
            "column": 17
          },
          "end": {
            "line": 15,
            "column": 5
          }
        },
        "line": 12
      },
      "3": {
        "name": "(anonymous_3)",
        "decl": {
          "start": {
            "line": 18,
            "column": 18
          },
          "end": {
            "line": 18,
            "column": 19
          }
        },
        "loc": {
          "start": {
            "line": 18,
            "column": 24
          },
          "end": {
            "line": 23,
            "column": 3
          }
        },
        "line": 18
      },
      "4": {
        "name": "(anonymous_4)",
        "decl": {
          "start": {
            "line": 25,
            "column": 18
          },
          "end": {
            "line": 25,
            "column": 19
          }
        },
        "loc": {
          "start": {
            "line": 25,
            "column": 24
          },
          "end": {
            "line": 30,
            "column": 3
          }
        },
        "line": 25
      },
      "5": {
        "name": "(anonymous_5)",
        "decl": {
          "start": {
            "line": 32,
            "column": 42
          },
          "end": {
            "line": 32,
            "column": 43
          }
        },
        "loc": {
          "start": {
            "line": 32,
            "column": 68
          },
          "end": {
            "line": 40,
            "column": 3
          }
        },
        "line": 32
      },
      "6": {
        "name": "(anonymous_6)",
        "decl": {
          "start": {
            "line": 42,
            "column": 40
          },
          "end": {
            "line": 42,
            "column": 41
          }
        },
        "loc": {
          "start": {
            "line": 42,
            "column": 66
          },
          "end": {
            "line": 48,
            "column": 3
          }
        },
        "line": 42
      },
      "7": {
        "name": "(anonymous_7)",
        "decl": {
          "start": {
            "line": 50,
            "column": 23
          },
          "end": {
            "line": 50,
            "column": 24
          }
        },
        "loc": {
          "start": {
            "line": 50,
            "column": 116
          },
          "end": {
            "line": 55,
            "column": 3
          }
        },
        "line": 50
      },
      "8": {
        "name": "(anonymous_8)",
        "decl": {
          "start": {
            "line": 52,
            "column": 30
          },
          "end": {
            "line": 52,
            "column": 31
          }
        },
        "loc": {
          "start": {
            "line": 52,
            "column": 36
          },
          "end": {
            "line": 54,
            "column": 5
          }
        },
        "line": 52
      },
      "9": {
        "name": "(anonymous_9)",
        "decl": {
          "start": {
            "line": 53,
            "column": 15
          },
          "end": {
            "line": 53,
            "column": 16
          }
        },
        "loc": {
          "start": {
            "line": 53,
            "column": 33
          },
          "end": {
            "line": 53,
            "column": 47
          }
        },
        "line": 53
      },
      "10": {
        "name": "(anonymous_10)",
        "decl": {
          "start": {
            "line": 57,
            "column": 22
          },
          "end": {
            "line": 57,
            "column": 23
          }
        },
        "loc": {
          "start": {
            "line": 57,
            "column": 96
          },
          "end": {
            "line": 63,
            "column": 3
          }
        },
        "line": 57
      },
      "11": {
        "name": "addAndRemoveKeyboardListeners",
        "decl": {
          "start": {
            "line": 67,
            "column": 11
          },
          "end": {
            "line": 67,
            "column": 40
          }
        },
        "loc": {
          "start": {
            "line": 67,
            "column": 43
          },
          "end": {
            "line": 74,
            "column": 3
          }
        },
        "line": 67
      },
      "12": {
        "name": "(anonymous_12)",
        "decl": {
          "start": {
            "line": 70,
            "column": 11
          },
          "end": {
            "line": 70,
            "column": 12
          }
        },
        "loc": {
          "start": {
            "line": 70,
            "column": 17
          },
          "end": {
            "line": 73,
            "column": 5
          }
        },
        "line": 70
      }
    },
    "branchMap": {
      "0": {
        "loc": {
          "start": {
            "line": 19,
            "column": 4
          },
          "end": {
            "line": 22,
            "column": 5
          }
        },
        "type": "if",
        "locations": [
          {
            "start": {
              "line": 19,
              "column": 4
            },
            "end": {
              "line": 22,
              "column": 5
            }
          },
          {
            "start": {
              "line": 19,
              "column": 4
            },
            "end": {
              "line": 22,
              "column": 5
            }
          }
        ],
        "line": 19
      },
      "1": {
        "loc": {
          "start": {
            "line": 26,
            "column": 4
          },
          "end": {
            "line": 29,
            "column": 5
          }
        },
        "type": "if",
        "locations": [
          {
            "start": {
              "line": 26,
              "column": 4
            },
            "end": {
              "line": 29,
              "column": 5
            }
          },
          {
            "start": {
              "line": 26,
              "column": 4
            },
            "end": {
              "line": 29,
              "column": 5
            }
          }
        ],
        "line": 26
      },
      "2": {
        "loc": {
          "start": {
            "line": 33,
            "column": 4
          },
          "end": {
            "line": 39,
            "column": 5
          }
        },
        "type": "if",
        "locations": [
          {
            "start": {
              "line": 33,
              "column": 4
            },
            "end": {
              "line": 39,
              "column": 5
            }
          },
          {
            "start": {
              "line": 33,
              "column": 4
            },
            "end": {
              "line": 39,
              "column": 5
            }
          }
        ],
        "line": 33
      },
      "3": {
        "loc": {
          "start": {
            "line": 33,
            "column": 8
          },
          "end": {
            "line": 33,
            "column": 38
          }
        },
        "type": "binary-expr",
        "locations": [
          {
            "start": {
              "line": 33,
              "column": 8
            },
            "end": {
              "line": 33,
              "column": 21
            }
          },
          {
            "start": {
              "line": 33,
              "column": 25
            },
            "end": {
              "line": 33,
              "column": 38
            }
          }
        ],
        "line": 33
      },
      "4": {
        "loc": {
          "start": {
            "line": 34,
            "column": 6
          },
          "end": {
            "line": 38,
            "column": 7
          }
        },
        "type": "if",
        "locations": [
          {
            "start": {
              "line": 34,
              "column": 6
            },
            "end": {
              "line": 38,
              "column": 7
            }
          },
          {
            "start": {
              "line": 34,
              "column": 6
            },
            "end": {
              "line": 38,
              "column": 7
            }
          }
        ],
        "line": 34
      },
      "5": {
        "loc": {
          "start": {
            "line": 36,
            "column": 13
          },
          "end": {
            "line": 38,
            "column": 7
          }
        },
        "type": "if",
        "locations": [
          {
            "start": {
              "line": 36,
              "column": 13
            },
            "end": {
              "line": 38,
              "column": 7
            }
          },
          {
            "start": {
              "line": 36,
              "column": 13
            },
            "end": {
              "line": 38,
              "column": 7
            }
          }
        ],
        "line": 36
      },
      "6": {
        "loc": {
          "start": {
            "line": 43,
            "column": 4
          },
          "end": {
            "line": 47,
            "column": 5
          }
        },
        "type": "if",
        "locations": [
          {
            "start": {
              "line": 43,
              "column": 4
            },
            "end": {
              "line": 47,
              "column": 5
            }
          },
          {
            "start": {
              "line": 43,
              "column": 4
            },
            "end": {
              "line": 47,
              "column": 5
            }
          }
        ],
        "line": 43
      },
      "7": {
        "loc": {
          "start": {
            "line": 45,
            "column": 11
          },
          "end": {
            "line": 47,
            "column": 5
          }
        },
        "type": "if",
        "locations": [
          {
            "start": {
              "line": 45,
              "column": 11
            },
            "end": {
              "line": 47,
              "column": 5
            }
          },
          {
            "start": {
              "line": 45,
              "column": 11
            },
            "end": {
              "line": 47,
              "column": 5
            }
          }
        ],
        "line": 45
      },
      "8": {
[...]
              "column": 2
            },
            "end": {
              "line": 10,
              "column": 3
            }
          }
        ],
        "line": 4
      }
    },
    "s": {
      "0": 2,
      "1": 2,
      "2": 4,
      "3": 0,
      "4": 0
    },
    "f": {
      "0": 2,
      "1": 4,
      "2": 0
    },
    "b": {
      "0": [
        2,
        0
      ]
    },
    "_coverageSchema": "1a1c01bbd47fc00a2c39e90264f33305004495a9",
    "hash": "5611ca8db20ca85f04d0d99577255f9a02973c2d"
  },
  "/Users/arturkesik/projects/salaryman/front-salaryman/src/api/getCategories.ts": {
    "path": "/Users/arturkesik/projects/salaryman/front-salaryman/src/api/getCategories.ts",
    "statementMap": {
      "0": {
        "start": {
          "line": 5,
          "column": 27
        },
        "end": {
          "line": 5,
          "column": 39
        }
      },
      "1": {
        "start": {
          "line": 8,
          "column": 2
        },
        "end": {
          "line": 8,
          "column": 82
        }
      }
    },
    "fnMap": {
      "0": {
        "name": "getCategoriesFromBackend",
        "decl": {
          "start": {
            "line": 7,
            "column": 16
          },
          "end": {
            "line": 7,
            "column": 40
          }
        },
        "loc": {
          "start": {
            "line": 7,
            "column": 112
          },
          "end": {
            "line": 9,
            "column": 1
          }
        },
        "line": 7
      }
    },
    "branchMap": {},
    "s": {
      "0": 39,
      "1": 12
    },
    "f": {
      "0": 12
    },
    "b": {},
    "_coverageSchema": "1a1c01bbd47fc00a2c39e90264f33305004495a9",
    "hash": "599569484f7e08cfeab2d6bd013d7425f93b0730"
  },
  "/Users/arturkesik/projects/salaryman/front-salaryman/src/views/things/hooks/getCategories.ts": {
    "path": "/Users/arturkesik/projects/salaryman/front-salaryman/src/views/things/hooks/getCategories.ts",
    "statementMap": {
      "0": {
        "start": {
          "line": 5,
          "column": 39
        },
        "end": {
          "line": 5,
          "column": 41
        }
      },
      "1": {
        "start": {
          "line": 8,
          "column": 38
        },
        "end": {
          "line": 8,
          "column": 68
        }
      },
      "2": {
        "start": {
          "line": 10,
          "column": 2
        },
        "end": {
          "line": 14,
          "column": 8
        }
      },
      "3": {
        "start": {
          "line": 11,
          "column": 4
        },
        "end": {
          "line": 13,
          "column": 6
        }
      },
      "4": {
        "start": {
          "line": 12,
          "column": 6
        },
        "end": {
          "line": 12,
          "column": 63
        }
      },
      "5": {
        "start": {
          "line": 15,
          "column": 2
        },
        "end": {
          "line": 15,
          "column": 36
        }
      },
      "6": {
        "start": {
          "line": 21,
          "column": 2
        },
        "end": {
          "line": 25,
          "column": 3
        }
      },
      "7": {
        "start": {
          "line": 22,
          "column": 4
        },
        "end": {
          "line": 22,
          "column": 38
        }
      },
      "8": {
        "start": {
          "line": 24,
          "column": 4
        },
        "end": {
          "line": 24,
          "column": 44
        }
      },
      "9": {
        "start": {
          "line": 29,
          "column": 2
        },
        "end": {
          "line": 29,
          "column": 32
        }
      }
    },
    "fnMap": {
      "0": {
        "name": "useGetCategoriesFromBackendAndSet",
        "decl": {
          "start": {
            "line": 7,
            "column": 16
          },
          "end": {
            "line": 7,
            "column": 49
          }
        },
        "loc": {
          "start": {
            "line": 7,
            "column": 80
          },
          "end": {
            "line": 16,
            "column": 1
          }
        },
        "line": 7
      },
      "1": {
        "name": "(anonymous_1)",
        "decl": {
          "start": {
            "line": 10,
            "column": 18
          },
          "end": {
            "line": 10,
            "column": 19
          }
        },
        "loc": {
          "start": {
            "line": 10,
            "column": 24
          },
          "end": {
            "line": 14,
            "column": 3
          }
        },
        "line": 10
      },
      "2": {
        "name": "(anonymous_2)",
        "decl": {
          "start": {
            "line": 11,
            "column": 36
          },
          "end": {
            "line": 11,
            "column": 37
          }
        },
        "loc": {
          "start": {
            "line": 11,
            "column": 50
          },
          "end": {
            "line": 13,
            "column": 5
          }
        },
        "line": 11
      },
      "3": {
        "name": "handleGetCategoriesResponse",
        "decl": {
          "start": {
            "line": 20,
            "column": 15
          },
          "end": {
            "line": 20,
            "column": 42
          }
        },
        "loc": {
          "start": {
            "line": 20,
            "column": 101
          },
          "end": {
            "line": 26,
            "column": 1
          }
        },
        "line": 20
      },
      "4": {
        "name": "displayGetErrorIfResponseError",
        "decl": {
          "start": {
            "line": 28,
            "column": 9
          },
          "end": {
            "line": 28,
            "column": 39
          }
        },
        "loc": {
          "start": {
            "line": 28,
            "column": 73
          },
          "end": {
            "line": 30,
            "column": 1
          }
        },
        "line": 28
      }
    },
    "branchMap": {
      "0": {
        "loc": {
          "start": {
            "line": 21,
            "column": 2
          },
          "end": {
            "line": 25,
            "column": 3
          }
        },
        "type": "if",
        "locations": [
          {
            "start": {
              "line": 21,
              "column": 2
            },
            "end": {
              "line": 25,
              "column": 3
            }
          },
          {
            "start": {
              "line": 21,
              "column": 2
            },
            "end": {
              "line": 25,
              "column": 3
            }
          }
        ],
        "line": 21
      }
    },
    "s": {
      "0": 39,
      "1": 56,
      "2": 56,
      "3": 12,
      "4": 11,
      "5": 56,
      "6": 11,
      "7": 11,
      "8": 0,
      "9": 0
    },
    "f": {
      "0": 56,
      "1": 12,
      "2": 11,
      "3": 11,
      "4": 0
    },
    "b": {
      "0": [
        11,
        0
      ]
    },
    "_coverageSchema": "1a1c01bbd47fc00a2c39e90264f33305004495a9",
    "hash": "b8872672baaf7c47b9f78939cf54c5c856d8e125"
  },
  "/Users/arturkesik/projects/salaryman/front-salaryman/src/views/things/ThingView.tsx": {
    "path": "/Users/arturkesik/projects/salaryman/front-salaryman/src/views/things/ThingView.tsx",
    "statementMap": {
      "0": {
        "start": {
          "line": 8,
          "column": 42
        },
        "end": {
          "line": 8,
          "column": 60
        }
      },
      "1": {
        "start": {
          "line": 9,
          "column": 38
        },
        "end": {
          "line": 9,
          "column": 73
        }
      },
      "2": {
        "start": {
          "line": 12,
          "column": 4
        },
        "end": {
          "line": 12,
          "column": 22
        }
      },
      "3": {
        "start": {
          "line": 13,
          "column": 17
        },
        "end": {
          "line": 13,
          "column": 49
        }
      },
      "4": {
        "start": {
          "line": 14,
          "column": 4
        },
        "end": {
          "line": 14,
          "column": 55
        }
      },
      "5": {
        "start": {
          "line": 16,
          "column": 2
        },
        "end": {
          "line": 32,
          "column": 3
        }
      },
      "6": {
        "start": {
          "line": 22,
          "column": 71
        },
        "end": {
          "line": 22,
          "column": 109
        }
      },
      "7": {
        "start": {
          "line": 28,
          "column": 10
        },
        "end": {
          "line": 28,
          "column": 43
        }
      }
    },
    "fnMap": {
      "0": {
        "name": "ThingView",
        "decl": {
          "start": {
            "line": 7,
            "column": 16
          },
          "end": {
            "line": 7,
            "column": 25
          }
        },
        "loc": {
          "start": {
            "line": 7,
            "column": 28
          },
          "end": {
            "line": 33,
            "column": 1
          }
        },
        "line": 7
      },
      "1": {
        "name": "createNewCategory",
        "decl": {
          "start": {
            "line": 11,
            "column": 17
          },
          "end": {
            "line": 11,
            "column": 34
          }
        },
        "loc": {
          "start": {
            "line": 11,
            "column": 55
          },
          "end": {
            "line": 15,
            "column": 3
          }
        },
        "line": 11
      },
      "2": {
        "name": "(anonymous_2)",
        "decl": {
          "start": {
            "line": 22,
            "column": 66
          },
          "end": {
            "line": 22,
            "column": 67
          }
        },
        "loc": {
          "start": {
            "line": 22,
            "column": 71
          },
          "end": {
            "line": 22,
            "column": 109
          }
        },
        "line": 22
      },
      "3": {
        "name": "(anonymous_3)",
        "decl": {
          "start": {
            "line": 27,
            "column": 24
          },
          "end": {
            "line": 27,
            "column": 25
          }
        },
        "loc": {
          "start": {
            "line": 27,
            "column": 36
          },
          "end": {
            "line": 29,
            "column": 9
          }
        },
        "line": 27
      }
    },
    "branchMap": {},
    "s": {
      "0": 61,
      "1": 56,
      "2": 2,
      "3": 2,
      "4": 2,
      "5": 56,
      "6": 10,
      "7": 16
    },
    "f": {
      "0": 61,
      "1": 2,
      "2": 10,
      "3": 16
    },
    "b": {},
    "_coverageSchema": "1a1c01bbd47fc00a2c39e90264f33305004495a9",
    "hash": "8cb8f2a0ea005161ec769851f5c488b3c76db688"
  },
  "/Users/arturkesik/projects/salaryman/front-salaryman/src/App.tsx": {
    "path": "/Users/arturkesik/projects/salaryman/front-salaryman/src/App.tsx",
    "statementMap": {
      "0": {
        "start": {
          "line": 16,
          "column": 26
        },
        "end": {
          "line": 16,
          "column": 56
        }
      },
      "1": {
        "start": {
          "line": 18,
          "column": 2
        },
        "end": {
          "line": 18,
          "column": 24
        }
      },
      "2": {
        "start": {
          "line": 20,
          "column": 22
        },
        "end": {
          "line": 20,
          "column": 34
        }
      },
      "3": {
        "start": {
          "line": 21,
          "column": 2
        },
        "end": {
          "line": 25,
          "column": 3
        }
      },
      "4": {
        "start": {
          "line": 22,
          "column": 4
        },
        "end": {
          "line": 22,
          "column": 33
        }
      },
      "5": {
        "start": {
          "line": 23,
          "column": 9
        },
        "end": {
          "line": 25,
          "column": 3
        }
      },
      "6": {
        "start": {
          "line": 24,
          "column": 4
        },
        "end": {
          "line": 24,
          "column": 34
        }
      },
      "7": {
        "start": {
          "line": 26,
          "column": 2
        },
        "end": {
          "line": 34,
          "column": 4
        }
      }
    },
    "fnMap": {
      "0": {
        "name": "App",
        "decl": {
          "start": {
            "line": 15,
            "column": 9
          },
          "end": {
            "line": 15,
            "column": 12
          }
        },
        "loc": {
          "start": {
            "line": 15,
            "column": 15
          },
          "end": {
            "line": 35,
            "column": 1
          }
        },
        "line": 15
      }
    },
    "branchMap": {
      "0": {
        "loc": {
          "start": {
            "line": 21,
            "column": 2
          },
          "end": {
            "line": 25,
            "column": 3
          }
        },
        "type": "if",
        "locations": [
          {
            "start": {
              "line": 21,
              "column": 2
            },
            "end": {
              "line": 25,
              "column": 3
            }
          },
          {
            "start": {
              "line": 21,
              "column": 2
            },
            "end": {
              "line": 25,
              "column": 3
            }
          }
        ],
        "line": 21
      },
      "1": {
        "loc": {
          "start": {
            "line": 23,
            "column": 9
          },
          "end": {
            "line": 25,
            "column": 3
          }
        },
        "type": "if",
        "locations": [
          {
            "start": {
              "line": 23,
              "column": 9
            },
            "end": {
              "line": 25,
              "column": 3
            }
          },
          {
            "start": {
              "line": 23,
              "column": 9
            },
            "end": {
              "line": 25,
              "column": 3
            }
          }
        ],
        "line": 23
      }
    },
    "s": {
      "0": 97,
      "1": 92,
      "2": 92,
      "3": 92,
      "4": 12,
      "5": 80,
      "6": 2,
      "7": 92
    },
    "f": {
      "0": 97
    },
    "b": {
      "0": [
        12,
        80
      ],
      "1": [
        2,
        78
      ]
    },
    "_coverageSchema": "1a1c01bbd47fc00a2c39e90264f33305004495a9",
    "hash": "5d25efce9f302db2c64f3e8e91eea7bc5edab802"
  },
  "/Users/arturkesik/projects/salaryman/front-salaryman/src/reportWebVitals.ts": {
    "path": "/Users/arturkesik/projects/salaryman/front-salaryman/src/reportWebVitals.ts",
    "statementMap": {
      "0": {
        "start": {
          "line": 3,
          "column": 24
        },
        "end": {
          "line": 13,
          "column": 1
        }
      },
      "1": {
        "start": {
          "line": 4,
          "column": 2
        },
        "end": {
          "line": 12,
          "column": 3
        }
      },
      "2": {
        "start": {
          "line": 5,
          "column": 4
        },
        "end": {
          "line": 11,
          "column": 7
        }
      },
      "3": {
        "start": {
          "line": 6,
          "column": 6
        },
        "end": {
          "line": 6,
          "column": 26
        }
      },
      "4": {
        "start": {
          "line": 7,
          "column": 6
        },
        "end": {
          "line": 7,
          "column": 26
        }
      },
      "5": {
        "start": {
          "line": 8,
          "column": 6
        },
        "end": {
          "line": 8,
          "column": 26
        }
      },
      "6": {
        "start": {
          "line": 9,
          "column": 6
        },
        "end": {
          "line": 9,
          "column": 26
        }
      },
      "7": {
        "start": {
          "line": 10,
          "column": 6
        },
        "end": {
          "line": 10,
          "column": 27
        }
      }
    },
    "fnMap": {
      "0": {
        "name": "(anonymous_0)",
        "decl": {
          "start": {
            "line": 3,
            "column": 24
          },
          "end": {
            "line": 3,
            "column": 25
          }
        },
        "loc": {
          "start": {
            "line": 3,
            "column": 57
          },
          "end": {
            "line": 13,
            "column": 1
          }
        },
        "line": 3
      },
      "1": {
        "name": "(anonymous_1)",
        "decl": {
          "start": {
            "line": 5,
            "column": 30
          },
          "end": {
            "line": 5,
            "column": 31
          }
        },
        "loc": {
          "start": {
            "line": 5,
            "column": 79
          },
          "end": {
            "line": 11,
            "column": 5
          }
        },
        "line": 5
      }
    },
    "branchMap": {
      "0": {
        "loc": {
          "start": {
            "line": 4,
            "column": 2
          },
          "end": {
            "line": 12,
            "column": 3
          }
        },
        "type": "if",
        "locations": [
          {
            "start": {
              "line": 4,
              "column": 2
            },
            "end": {
              "line": 12,
              "column": 3
            }
          },
          {
            "start": {
              "line": 4,
              "column": 2
            },
            "end": {
              "line": 12,
              "column": 3
            }
          }
        ],
        "line": 4
      },
      "1": {
        "loc": {
          "start": {
            "line": 4,
            "column": 6
          },
          "end": {
            "line": 4,
            "column": 52
          }
        },
        "type": "binary-expr",
        "locations": [
          {
            "start": {
              "line": 4,
              "column": 6
            },
            "end": {
              "line": 4,
              "column": 17
            }
          },
          {
            "start": {
              "line": 4,
              "column": 21
            },
            "end": {
              "line": 4,
              "column": 52
            }
          }
        ],
        "line": 4
      }
    },
    "s": {
      "0": 39,
      "1": 39,
      "2": 0,
      "3": 0,
      "4": 0,
      "5": 0,
      "6": 0,
      "7": 0
    },
    "f": {
      "0": 39,
      "1": 0
    },
    "b": {
      "0": [
        0,
        39
      ],
      "1": [
        39,
        0
      ]
    },
    "_coverageSchema": "1a1c01bbd47fc00a2c39e90264f33305004495a9",
    "hash": "c88fac8d2b4e7671e54990d5ccb8d495005bec05"
  },
  "/Users/arturkesik/projects/salaryman/front-salaryman/src/index.tsx": {
    "path": "/Users/arturkesik/projects/salaryman/front-salaryman/src/index.tsx",
    "statementMap": {
      "0": {
        "start": {
          "line": 7,
          "column": 13
        },
        "end": {
          "line": 9,
          "column": 1
        }
      },
      "1": {
        "start": {
          "line": 10,
          "column": 0
        },
        "end": {
          "line": 14,
          "column": 2
        }
      },
      "2": {
        "start": {
          "line": 19,
          "column": 0
        },
        "end": {
          "line": 19,
          "column": 18
        }
      }
    },
    "fnMap": {},
    "branchMap": {},
    "s": {
      "0": 39,
      "1": 39,
      "2": 39
    },
    "f": {},
    "b": {},
    "_coverageSchema": "1a1c01bbd47fc00a2c39e90264f33305004495a9",
    "hash": "4c73e972728e345da708470e6ea93341ecd3aa33"
  }
}