{
  "/Users/arturkesik/projects/salaryman/front-salaryman/src/hooks/usePersistTab.ts": {
    "path": "/Users/arturkesik/projects/salaryman/front-salaryman/src/hooks/usePersistTab.ts",
    "statementMap": {
      "0": {
        "start": {
          "line": 5,
          "column": 2
        },
        "end": {
          "line": 15,
          "column": 8
        }
      },
      "1": {
        "start": {
          "line": 6,
          "column": 22
        },
        "end": {
          "line": 6,
          "column": 65
        }
      },
      "2": {
        "start": {
          "line": 7,
          "column": 16
        },
        "end": {
          "line": 7,
          "column": 36
        }
      },
      "3": {
        "start": {
          "line": 8,
          "column": 4
        },
        "end": {
          "line": 14,
          "column": 5
        }
      },
      "4": {
        "start": {
          "line": 9,
          "column": 6
        },
        "end": {
          "line": 9,
          "column": 29
        }
      },
      "5": {
        "start": {
          "line": 10,
          "column": 11
        },
        "end": {
          "line": 14,
          "column": 5
        }
      },
      "6": {
        "start": {
          "line": 11,
          "column": 6
        },
        "end": {
          "line": 11,
          "column": 30
        }
      },
      "7": {
        "start": {
          "line": 13,
          "column": 6
        },
        "end": {
          "line": 13,
          "column": 33
        }
      }
    },
    "fnMap": {
      "0": {
        "name": "usePersistTab",
        "decl": {
          "start": {
            "line": 4,
            "column": 16
          },
          "end": {
            "line": 4,
            "column": 29
          }
        },
        "loc": {
          "start": {
            "line": 4,
            "column": 49
          },
          "end": {
            "line": 16,
            "column": 1
          }
        },
        "line": 4
      },
      "1": {
        "name": "(anonymous_1)",
        "decl": {
          "start": {
            "line": 5,
            "column": 18
          },
          "end": {
            "line": 5,
            "column": 19
          }
        },
        "loc": {
          "start": {
            "line": 5,
            "column": 24
          },
          "end": {
            "line": 15,
            "column": 3
          }
        },
        "line": 5
      }
    },
    "branchMap": {
      "0": {
        "loc": {
          "start": {
            "line": 8,
            "column": 4
          },
          "end": {
            "line": 14,
            "column": 5
          }
        },
        "type": "if",
        "locations": [
          {
            "start": {
              "line": 8,
              "column": 4
            },
            "end": {
              "line": 14,
              "column": 5
            }
          },
          {
            "start": {
              "line": 8,
              "column": 4
            },
            "end": {
              "line": 14,
              "column": 5
            }
          }
        ],
        "line": 8
      },
      "1": {
        "loc": {
          "start": {
            "line": 8,
            "column": 8
          },
          "end": {
            "line": 8,
            "column": 39
          }
        },
        "type": "binary-expr",
        "locations": [
          {
            "start": {
              "line": 8,
              "column": 8
            },
            "end": {
              "line": 8,
              "column": 20
            }
          },
          {
            "start": {
              "line": 8,
              "column": 24
            },
            "end": {
              "line": 8,
              "column": 39
            }
          }
        ],
        "line": 8
      },
      "2": {
        "loc": {
          "start": {
            "line": 10,
            "column": 11
          },
          "end": {
            "line": 14,
            "column": 5
          }
        },
        "type": "if",
        "locations": [
          {
            "start": {
              "line": 10,
              "column": 11
            },
            "end": {
              "line": 14,
              "column": 5
            }
          },
          {
            "start": {
              "line": 10,
              "column": 11
            },
            "end": {
              "line": 14,
              "column": 5
            }
          }
        ],
        "line": 10
      }
    },
    "s": {
      "0": 130,
      "1": 116,
      "2": 116,
      "3": 116,
      "4": 100,
      "5": 16,
      "6": 14,
      "7": 2
    },
    "f": {
      "0": 130,
      "1": 116
    },
    "b": {
      "0": [
        100,
        16
      ],
      "1": [
        116,
        26
      ],
      "2": [
        14,
        2
      ]
    },
    "_coverageSchema": "1a1c01bbd47fc00a2c39e90264f33305004495a9",
    "hash": "97e5d6c9eeb21e0b7e6fbe21346500dfd7d0c402"
  },
  "/Users/arturkesik/projects/salaryman/front-salaryman/src/views/Navbar.tsx": {
    "path": "/Users/arturkesik/projects/salaryman/front-salaryman/src/views/Navbar.tsx",
    "statementMap": {
      "0": {
        "start": {
          "line": 2,
          "column": 2
        },
        "end": {
          "line": 6,
          "column": 3
        }
      }
    },
    "fnMap": {
      "0": {
        "name": "Navbar",
        "decl": {
          "start": {
            "line": 1,
            "column": 24
          },
          "end": {
            "line": 1,
            "column": 30
          }
        },
        "loc": {
          "start": {
            "line": 1,
            "column": 33
          },
          "end": {
            "line": 7,
            "column": 1
          }
        },
        "line": 1
      }
    },
    "branchMap": {},
    "s": {
      "0": 130
    },
    "f": {
      "0": 130
    },
    "b": {},
    "_coverageSchema": "1a1c01bbd47fc00a2c39e90264f33305004495a9",
    "hash": "616bcf512dc48b1751f809537480e8dc69aef6c4"
  },
  "/Users/arturkesik/projects/salaryman/front-salaryman/src/views/Sidebar.tsx": {
    "path": "/Users/arturkesik/projects/salaryman/front-salaryman/src/views/Sidebar.tsx",
    "statementMap": {
      "0": {
        "start": {
          "line": 4,
          "column": 2
        },
        "end": {
          "line": 10,
          "column": 3
        }
      },
      "1": {
        "start": {
          "line": 6,
          "column": 24
        },
        "end": {
          "line": 6,
          "column": 60
        }
      },
      "2": {
        "start": {
          "line": 8,
          "column": 24
        },
        "end": {
          "line": 8,
          "column": 61
        }
      }
    },
    "fnMap": {
      "0": {
        "name": "Sidebar",
        "decl": {
          "start": {
            "line": 3,
            "column": 24
          },
          "end": {
            "line": 3,
            "column": 31
          }
        },
        "loc": {
          "start": {
            "line": 3,
            "column": 60
          },
          "end": {
            "line": 11,
            "column": 1
          }
        },
        "line": 3
      },
      "1": {
        "name": "(anonymous_1)",
        "decl": {
          "start": {
            "line": 6,
            "column": 18
          },
          "end": {
            "line": 6,
            "column": 19
          }
        },
        "loc": {
          "start": {
            "line": 6,
            "column": 24
          },
          "end": {
            "line": 6,
            "column": 60
          }
        },
        "line": 6
      },
      "2": {
        "name": "(anonymous_2)",
        "decl": {
          "start": {
            "line": 8,
            "column": 18
          },
          "end": {
            "line": 8,
            "column": 19
          }
        },
        "loc": {
          "start": {
            "line": 8,
            "column": 24
          },
          "end": {
            "line": 8,
            "column": 61
          }
        },
        "line": 8
      }
    },
    "branchMap": {},
    "s": {
      "0": 130,
      "1": 1,
      "2": 2
    },
    "f": {
      "0": 130,
      "1": 1,
      "2": 2
    },
    "b": {},
    "_coverageSchema": "1a1c01bbd47fc00a2c39e90264f33305004495a9",
    "hash": "b65fb8ef089d481c6257e4113df3b2632bb9e37a"
  },
  "/Users/arturkesik/projects/salaryman/front-salaryman/src/api/api.ts": {
    "path": "/Users/arturkesik/projects/salaryman/front-salaryman/src/api/api.ts",
    "statementMap": {
      "0": {
        "start": {
          "line": 3,
          "column": 14
        },
        "end": {
          "line": 3,
          "column": 53
        }
      },
      "1": {
        "start": {
          "line": 4,
          "column": 0
        },
        "end": {
          "line": 4,
          "column": 55
        }
      },
      "2": {
        "start": {
          "line": 5,
          "column": 0
        },
        "end": {
          "line": 7,
          "column": 1
        }
      },
      "3": {
        "start": {
          "line": 6,
          "column": 16
        },
        "end": {
          "line": 6,
          "column": 39
        }
      },
      "4": {
        "start": {
          "line": 9,
          "column": 20
        },
        "end": {
          "line": 11,
          "column": 1
        }
      },
      "5": {
        "start": {
          "line": 13,
          "column": 22
        },
        "end": {
          "line": 13,
          "column": 47
        }
      },
      "6": {
        "start": {
          "line": 16,
          "column": 2
        },
        "end": {
          "line": 32,
          "column": 3
        }
      },
      "7": {
        "start": {
          "line": 18,
          "column": 6
        },
        "end": {
          "line": 18,
          "column": 38
        }
      },
      "8": {
        "start": {
          "line": 24,
          "column": 6
        },
        "end": {
          "line": 24,
          "column": 45
        }
      },
      "9": {
        "start": {
          "line": 30,
          "column": 6
        },
        "end": {
          "line": 30,
          "column": 44
        }
      }
    },
    "fnMap": {
      "0": {
        "name": "api",
        "decl": {
          "start": {
            "line": 15,
            "column": 9
          },
          "end": {
            "line": 15,
            "column": 12
          }
        },
        "loc": {
          "start": {
            "line": 15,
            "column": 35
          },
          "end": {
            "line": 33,
            "column": 1
          }
        },
        "line": 15
      },
      "1": {
        "name": "(anonymous_1)",
        "decl": {
          "start": {
            "line": 17,
            "column": 9
          },
          "end": {
            "line": 17,
            "column": 10
          }
        },
        "loc": {
          "start": {
            "line": 17,
            "column": 62
          },
          "end": {
            "line": 19,
            "column": 5
          }
        },
        "line": 17
      },
      "2": {
        "name": "(anonymous_2)",
        "decl": {
          "start": {
            "line": 23,
            "column": 10
          },
          "end": {
            "line": 23,
            "column": 11
          }
        },
        "loc": {
          "start": {
            "line": 23,
            "column": 78
          },
          "end": {
            "line": 25,
            "column": 5
          }
        },
        "line": 23
      },
      "3": {
        "name": "(anonymous_3)",
        "decl": {
          "start": {
            "line": 29,
            "column": 9
          },
          "end": {
            "line": 29,
            "column": 10
          }
        },
        "loc": {
          "start": {
            "line": 29,
            "column": 77
          },
          "end": {
            "line": 31,
            "column": 5
          }
        },
        "line": 29
      }
    },
    "branchMap": {
      "0": {
        "loc": {
          "start": {
            "line": 5,
            "column": 0
          },
          "end": {
            "line": 7,
            "column": 1
          }
        },
        "type": "if",
        "locations": [
          {
            "start": {
              "line": 5,
              "column": 0
            },
            "end": {
              "line": 7,
              "column": 1
            }
          },
          {
            "start": {
              "line": 5,
              "column": 0
            },
            "end": {
              "line": 7,
              "column": 1
            }
          }
        ],
        "line": 5
      },
      "1": {
        "loc": {
          "start": {
            "line": 17,
            "column": 26
          },
          "end": {
            "line": 17,
            "column": 57
          }
        },
        "type": "default-arg",
        "locations": [
          {
            "start": {
              "line": 17,
              "column": 55
            },
            "end": {
              "line": 17,
              "column": 57
            }
          }
        ],
        "line": 17
      },
      "2": {
        "loc": {
          "start": {
            "line": 23,
            "column": 42
          },
          "end": {
            "line": 23,
            "column": 73
          }
        },
        "type": "default-arg",
        "locations": [
          {
            "start": {
              "line": 23,
              "column": 71
            },
            "end": {
              "line": 23,
              "column": 73
            }
          }
        ],
        "line": 23
      },
      "3": {
        "loc": {
          "start": {
            "line": 29,
            "column": 41
          },
          "end": {
            "line": 29,
            "column": 72
          }
        },
        "type": "default-arg",
        "locations": [
          {
            "start": {
              "line": 29,
              "column": 70
            },
            "end": {
              "line": 29,
              "column": 72
            }
          }
        ],
        "line": 29
      }
    },
    "s": {
      "0": 58,
      "1": 58,
      "2": 58,
      "3": 58,
      "4": 58,
      "5": 58,
      "6": 58,
      "7": 128,
      "8": 8,
      "9": 27
    },
    "f": {
      "0": 58,
      "1": 128,
      "2": 8,
      "3": 27
    },
    "b": {
      "0": [
        58,
        0
      ],
      "1": [
        128
      ],
      "2": [
        8
      ],
      "3": [
        27
      ]
    },
    "_coverageSchema": "1a1c01bbd47fc00a2c39e90264f33305004495a9",
    "hash": "b9a0be89d6492af35b5acd394f56080aa84f91f2"
  },
  "/Users/arturkesik/projects/salaryman/front-salaryman/src/api/getTasks.ts": {
    "path": "/Users/arturkesik/projects/salaryman/front-salaryman/src/api/getTasks.ts",
    "statementMap": {
      "0": {
        "start": {
          "line": 5,
          "column": 22
        },
        "end": {
          "line": 5,
          "column": 29
        }
      },
      "1": {
        "start": {
          "line": 8,
          "column": 2
        },
        "end": {
          "line": 8,
          "column": 68
        }
      }
    },
    "fnMap": {
      "0": {
        "name": "getTasksFromBackend",
        "decl": {
          "start": {
            "line": 7,
            "column": 16
          },
          "end": {
            "line": 7,
            "column": 35
          }
        },
        "loc": {
          "start": {
            "line": 7,
            "column": 98
          },
          "end": {
            "line": 9,
            "column": 1
          }
        },
        "line": 7
      }
    },
    "branchMap": {},
    "s": {
      "0": 58,
      "1": 116
    },
    "f": {
      "0": 116
    },
    "b": {},
    "_coverageSchema": "1a1c01bbd47fc00a2c39e90264f33305004495a9",
    "hash": "81c151758f4f3e19394b9545efba41ec525794a5"
  },
  "/Users/arturkesik/projects/salaryman/front-salaryman/src/views/tasks/TaskView/hooks/apiHooks/useGetTasks.ts": {
    "path": "/Users/arturkesik/projects/salaryman/front-salaryman/src/views/tasks/TaskView/hooks/apiHooks/useGetTasks.ts",
    "statementMap": {
      "0": {
        "start": {
          "line": 5,
          "column": 28
        },
        "end": {
          "line": 5,
          "column": 30
        }
      },
      "1": {
        "start": {
          "line": 8,
          "column": 28
        },
        "end": {
          "line": 8,
          "column": 53
        }
      },
      "2": {
        "start": {
          "line": 10,
          "column": 2
        },
        "end": {
          "line": 14,
          "column": 8
        }
      },
      "3": {
        "start": {
          "line": 11,
          "column": 4
        },
        "end": {
          "line": 13,
          "column": 6
        }
      },
      "4": {
        "start": {
          "line": 12,
          "column": 6
        },
        "end": {
          "line": 12,
          "column": 53
        }
      },
      "5": {
        "start": {
          "line": 16,
          "column": 2
        },
        "end": {
          "line": 16,
          "column": 26
        }
      },
      "6": {
        "start": {
          "line": 21,
          "column": 2
        },
        "end": {
          "line": 25,
          "column": 3
        }
      },
      "7": {
        "start": {
          "line": 22,
          "column": 4
        },
        "end": {
          "line": 22,
          "column": 45
        }
      },
      "8": {
        "start": {
          "line": 24,
          "column": 4
        },
        "end": {
          "line": 24,
          "column": 44
        }
      },
      "9": {
        "start": {
          "line": 29,
          "column": 26
        },
        "end": {
          "line": 29,
          "column": 75
        }
      },
      "10": {
        "start": {
          "line": 30,
          "column": 22
        },
        "end": {
          "line": 30,
          "column": 67
        }
      },
      "11": {
        "start": {
          "line": 31,
          "column": 2
        },
        "end": {
          "line": 31,
          "column": 23
        }
      },
      "12": {
        "start": {
          "line": 35,
          "column": 2
        },
        "end": {
          "line": 35,
          "column": 74
        }
      },
      "13": {
        "start": {
          "line": 36,
          "column": 2
        },
        "end": {
          "line": 36,
          "column": 23
        }
      },
      "14": {
        "start": {
          "line": 40,
          "column": 2
        },
        "end": {
          "line": 40,
          "column": 48
        }
      },
      "15": {
        "start": {
          "line": 40,
          "column": 30
        },
        "end": {
          "line": 40,
          "column": 47
        }
      },
      "16": {
        "start": {
          "line": 41,
          "column": 32
        },
        "end": {
          "line": 41,
          "column": 34
        }
      },
      "17": {
        "start": {
          "line": 42,
          "column": 2
        },
        "end": {
          "line": 49,
          "column": 3
        }
      },
      "18": {
        "start": {
          "line": 43,
          "column": 4
        },
        "end": {
          "line": 48,
          "column": 5
        }
      },
      "19": {
        "start": {
          "line": 44,
          "column": 6
        },
        "end": {
          "line": 44,
          "column": 26
        }
      },
      "20": {
        "start": {
          "line": 45,
          "column": 37
        },
        "end": {
          "line": 45,
          "column": 69
        }
      },
      "21": {
        "start": {
          "line": 46,
          "column": 6
        },
        "end": {
          "line": 46,
          "column": 49
        }
      },
      "22": {
        "start": {
          "line": 47,
          "column": 6
        },
        "end": {
          "line": 47,
          "column": 51
        }
      },
      "23": {
        "start": {
          "line": 50,
          "column": 2
        },
        "end": {
          "line": 50,
          "column": 20
        }
      },
      "24": {
        "start": {
          "line": 54,
          "column": 17
        },
        "end": {
          "line": 54,
          "column": 68
        }
      },
      "25": {
        "start": {
          "line": 54,
          "column": 40
        },
        "end": {
          "line": 54,
          "column": 67
        }
      },
      "26": {
        "start": {
          "line": 55,
          "column": 2
        },
        "end": {
          "line": 55,
          "column": 54
        }
      },
      "27": {
        "start": {
          "line": 55,
          "column": 36
        },
        "end": {
          "line": 55,
          "column": 53
        }
      },
      "28": {
        "start": {
          "line": 56,
          "column": 28
        },
        "end": {
          "line": 56,
          "column": 30
        }
      },
      "29": {
        "start": {
          "line": 57,
          "column": 21
        },
        "end": {
          "line": 57,
          "column": 22
        }
      },
      "30": {
        "start": {
          "line": 58,
          "column": 2
        },
        "end": {
          "line": 67,
          "column": 3
        }
      },
      "31": {
        "start": {
          "line": 59,
          "column": 4
        },
        "end": {
          "line": 66,
          "column": 5
        }
      },
      "32": {
        "start": {
          "line": 60,
          "column": 6
        },
        "end": {
          "line": 60,
          "column": 23
        }
      },
      "33": {
        "start": {
          "line": 62,
          "column": 6
        },
        "end": {
          "line": 62,
          "column": 39
        }
      },
      "34": {
        "start": {
          "line": 63,
          "column": 40
        },
        "end": {
          "line": 63,
          "column": 85
        }
      },
      "35": {
        "start": {
          "line": 64,
          "column": 6
        },
        "end": {
          "line": 64,
          "column": 42
        }
      },
      "36": {
        "start": {
          "line": 65,
          "column": 6
        },
        "end": {
          "line": 65,
          "column": 45
        }
      },
      "37": {
        "start": {
          "line": 68,
          "column": 2
        },
        "end": {
          "line": 68,
          "column": 36
        }
      },
      "38": {
        "start": {
          "line": 69,
          "column": 2
        },
        "end": {
          "line": 69,
          "column": 26
        }
      },
      "39": {
        "start": {
          "line": 73,
          "column": 2
        },
        "end": {
          "line": 77,
          "column": 3
        }
      },
      "40": {
        "start": {
          "line": 74,
          "column": 4
        },
        "end": {
          "line": 76,
          "column": 5
        }
      },
      "41": {
        "start": {
          "line": 75,
          "column": 6
        },
        "end": {
          "line": 75,
          "column": 46
        }
      },
      "42": {
        "start": {
          "line": 79,
          "column": 2
        },
        "end": {
          "line": 79,
          "column": 14
        }
      },
      "43": {
        "start": {
          "line": 83,
          "column": 31
        },
        "end": {
          "line": 83,
          "column": 33
        }
      },
      "44": {
        "start": {
          "line": 84,
          "column": 27
        },
        "end": {
          "line": 84,
          "column": 32
        }
      },
      "45": {
        "start": {
          "line": 87,
          "column": 4
        },
        "end": {
          "line": 103,
          "column": 5
        }
      },
      "46": {
        "start": {
          "line": 88,
          "column": 20
        },
        "end": {
          "line": 88,
          "column": 34
        }
      },
      "47": {
        "start": {
          "line": 90,
          "column": 6
        },
        "end": {
          "line": 98,
          "column": 7
        }
      },
      "48": {
        "start": {
          "line": 91,
          "column": 8
        },
        "end": {
          "line": 97,
          "column": 9
        }
      },
      "49": {
        "start": {
          "line": 92,
          "column": 10
        },
        "end": {
          "line": 92,
          "column": 34
        }
      },
      "50": {
        "start": {
          "line": 93,
          "column": 15
        },
        "end": {
          "line": 97,
          "column": 9
        }
      },
      "51": {
        "start": {
          "line": 94,
          "column": 10
        },
        "end": {
          "line": 94,
          "column": 34
        }
      },
      "52": {
        "start": {
          "line": 96,
          "column": 10
        },
        "end": {
          "line": 96,
          "column": 42
        }
      },
      "53": {
        "start": {
          "line": 99,
          "column": 6
        },
        "end": {
          "line": 101,
          "column": 7
        }
      },
      "54": {
        "start": {
          "line": 100,
          "column": 8
        },
        "end": {
          "line": 100,
          "column": 31
        }
      },
      "55": {
        "start": {
          "line": 102,
          "column": 6
        },
        "end": {
          "line": 102,
          "column": 28
        }
      },
      "56": {
        "start": {
          "line": 104,
          "column": 4
        },
        "end": {
          "line": 104,
          "column": 19
        }
      }
    },
    "fnMap": {
      "0": {
        "name": "useGetTasksFromBackendAndSet",
        "decl": {
          "start": {
            "line": 7,
            "column": 16
          },
          "end": {
            "line": 7,
            "column": 44
          }
        },
        "loc": {
          "start": {
            "line": 7,
            "column": 71
          },
          "end": {
            "line": 17,
            "column": 1
          }
        },
        "line": 7
      },
      "1": {
        "name": "(anonymous_1)",
        "decl": {
          "start": {
            "line": 10,
            "column": 18
          },
          "end": {
            "line": 10,
            "column": 19
          }
        },
        "loc": {
          "start": {
            "line": 10,
            "column": 24
          },
          "end": {
            "line": 14,
            "column": 3
          }
        },
        "line": 10
      },
      "2": {
        "name": "(anonymous_2)",
        "decl": {
          "start": {
            "line": 11,
            "column": 31
          },
          "end": {
            "line": 11,
            "column": 32
          }
        },
        "loc": {
          "start": {
            "line": 11,
            "column": 45
          },
          "end": {
            "line": 13,
            "column": 5
          }
        },
        "line": 11
      },
      "3": {
        "name": "handleGetTasksResponse",
        "decl": {
          "start": {
            "line": 20,
            "column": 15
          },
          "end": {
            "line": 20,
            "column": 37
          }
        },
        "loc": {
          "start": {
            "line": 20,
            "column": 86
          },
          "end": {
            "line": 26,
            "column": 1
          }
        },
        "line": 20
      },
      "4": {
        "name": "setInitialTasks",
        "decl": {
          "start": {
            "line": 28,
            "column": 9
          },
          "end": {
            "line": 28,
            "column": 24
          }
        },
        "loc": {
          "start": {
            "line": 28,
            "column": 64
          },
          "end": {
            "line": 32,
            "column": 1
          }
        },
        "line": 28
      },
      "5": {
        "name": "displayGetErrorIfResponseError",
        "decl": {
          "start": {
            "line": 34,
            "column": 9
          },
          "end": {
            "line": 34,
            "column": 39
          }
        },
        "loc": {
          "start": {
            "line": 34,
            "column": 68
          },
          "end": {
            "line": 37,
            "column": 1
          }
        },
        "line": 34
      },
      "6": {
        "name": "prepareTasksWithIntendationAndDoneChildren",
        "decl": {
          "start": {
            "line": 39,
            "column": 9
          },
          "end": {
            "line": 39,
            "column": 51
          }
        },
        "loc": {
          "start": {
            "line": 39,
            "column": 71
          },
          "end": {
            "line": 51,
            "column": 1
          }
        },
        "line": 39
      },
      "7": {
        "name": "(anonymous_7)",
        "decl": {
          "start": {
            "line": 40,
            "column": 21
          },
          "end": {
            "line": 40,
            "column": 22
          }
        },
        "loc": {
          "start": {
            "line": 40,
            "column": 30
          },
          "end": {
            "line": 40,
            "column": 47
          }
        },
        "line": 40
      },
      "8": {
        "name": "findTaskChildren",
        "decl": {
          "start": {
            "line": 53,
            "column": 9
          },
          "end": {
            "line": 53,
            "column": 25
          }
        },
        "loc": {
          "start": {
            "line": 53,
            "column": 108
          },
          "end": {
            "line": 70,
            "column": 1
          }
        },
        "line": 53
      },
      "9": {
        "name": "(anonymous_9)",
        "decl": {
          "start": {
            "line": 54,
            "column": 30
          },
          "end": {
            "line": 54,
            "column": 31
          }
        },
        "loc": {
          "start": {
            "line": 54,
            "column": 40
          },
          "end": {
            "line": 54,
            "column": 67
          }
        },
        "line": 54
      },
      "10": {
        "name": "(anonymous_10)",
        "decl": {
          "start": {
            "line": 55,
            "column": 27
          },
          "end": {
            "line": 55,
            "column": 28
          }
        },
        "loc": {
          "start": {
            "line": 55,
            "column": 36
          },
          "end": {
            "line": 55,
            "column": 53
          }
        },
        "line": 55
      },
      "11": {
        "name": "hidTaskThatShouldBeCollapsed",
        "decl": {
          "start": {
            "line": 72,
            "column": 9
          },
          "end": {
            "line": 72,
            "column": 37
          }
        },
        "loc": {
          "start": {
            "line": 72,
            "column": 57
          },
          "end": {
            "line": 80,
            "column": 1
          }
        },
        "line": 72
      },
      "12": {
        "name": "hideChildrenInState",
        "decl": {
          "start": {
            "line": 82,
            "column": 9
          },
          "end": {
            "line": 82,
            "column": 28
          }
        },
        "loc": {
          "start": {
            "line": 82,
            "column": 64
          },
          "end": {
            "line": 105,
            "column": 1
          }
        },
        "line": 82
      }
    },
    "branchMap": {
      "0": {
        "loc": {
          "start": {
            "line": 21,
            "column": 2
          },
          "end": {
            "line": 25,
            "column": 3
          }
        },
        "type": "if",
        "locations": [
          {
            "start": {
              "line": 21,
              "column": 2
            },
            "end": {
              "line": 25,
              "column": 3
            }
          },
          {
            "start": {
              "line": 21,
              "column": 2
            },
            "end": {
              "line": 25,
              "column": 3
            }
          }
        ],
        "line": 21
      },
      "1": {
        "loc": {
          "start": {
            "line": 43,
            "column": 4
          },
          "end": {
            "line": 48,
            "column": 5
          }
        },
        "type": "if",
        "locations": [
          {
            "start": {
              "line": 43,
              "column": 4
            },
            "end": {
              "line": 48,
              "column": 5
            }
          },
          {
            "start": {
              "line": 43,
              "column": 4
            },
            "end": {
              "line": 48,
              "column": 5
            }
          }
        ],
        "line": 43
      },
      "2": {
        "loc": {
          "start": {
            "line": 59,
            "column": 4
          },
          "end": {
            "line": 66,
            "column": 5
          }
        },
        "type": "if",
        "locations": [
          {
            "start": {
              "line": 59,
              "column": 4
            },
            "end": {
              "line": 66,
              "column": 5
            }
          },
          {
            "start": {
              "line": 59,
              "column": 4
            },
            "end": {
              "line": 66,
              "column": 5
            }
          }
        ],
        "line": 59
      },
      "3": {
        "loc": {
          "start": {
            "line": 74,
            "column": 4
          },
          "end": {
            "line": 76,
            "column": 5
          }
        },
        "type": "if",
        "locations": [
          {
            "start": {
              "line": 74,
              "column": 4
            },
            "end": {
              "line": 76,
              "column": 5
            }
          },
          {
            "start": {
              "line": 74,
              "column": 4
            },
            "end": {
              "line": 76,
              "column": 5
            }
          }
        ],
        "line": 74
      },
      "4": {
        "loc": {
          "start": {
            "line": 90,
            "column": 6
          },
          "end": {
            "line": 98,
            "column": 7
          }
        },
        "type": "if",
        "locations": [
          {
            "start": {
              "line": 90,
              "column": 6
            },
            "end": {
              "line": 98,
              "column": 7
            }
          },
          {
            "start": {
              "line": 90,
              "column": 6
            },
            "end": {
              "line": 98,
              "column": 7
            }
          }
        ],
        "line": 90
      },
      "5": {
        "loc": {
          "start": {
            "line": 91,
            "column": 8
          },
          "end": {
            "line": 97,
            "column": 9
          }
        },
        "type": "if",
        "locations": [
          {
            "start": {
              "line": 91,
              "column": 8
            },
            "end": {
              "line": 97,
              "column": 9
            }
          },
          {
            "start": {
              "line": 91,
              "column": 8
            },
            "end": {
              "line": 97,
              "column": 9
            }
          }
        ],
        "line": 91
      },
      "6": {
        "loc": {
          "start": {
            "line": 93,
            "column": 15
          },
          "end": {
            "line": 97,
            "column": 9
          }
        },
        "type": "if",
        "locations": [
          {
            "start": {
              "line": 93,
              "column": 15
            },
            "end": {
              "line": 97,
              "column": 9
            }
          },
          {
            "start": {
              "line": 93,
              "column": 15
            },
            "end": {
              "line": 97,
              "column": 9
            }
          }
        ],
        "line": 93
      },
      "7": {
        "loc": {
          "start": {
            "line": 99,
            "column": 6
          },
          "end": {
            "line": 101,
            "column": 7
          }
        },
        "type": "if",
        "locations": [
          {
            "start": {
              "line": 99,
              "column": 6
            },
            "end": {
              "line": 101,
              "column": 7
            }
          },
          {
            "start": {
              "line": 99,
              "column": 6
            },
            "end": {
              "line": 101,
              "column": 7
            }
          }
        ],
        "line": 99
      }
    },
    "s": {
      "0": 58,
      "1": 1202,
      "2": 1202,
      "3": 116,
      "4": 111,
      "5": 1202,
      "6": 111,
      "7": 111,
      "8": 0,
      "9": 111,
      "10": 111,
      "11": 111,
      "12": 0,
      "13": 0,
      "14": 111,
      "15": 207,
      "16": 111,
      "17": 111,
      "18": 219,
      "19": 132,
      "20": 132,
      "21": 132,
      "22": 132,
      "23": 111,
      "24": 219,
      "25": 657,
      "26": 219,
      "27": 28,
      "28": 219,
      "29": 219,
      "30": 219,
      "31": 87,
      "32": 0,
      "33": 87,
      "34": 87,
      "35": 87,
      "36": 87,
      "37": 219,
      "38": 219,
      "39": 111,
      "40": 219,
      "41": 0,
      "42": 111,
      "43": 0,
      "44": 0,
      "45": 0,
      "46": 0,
      "47": 0,
      "48": 0,
      "49": 0,
      "50": 0,
      "51": 0,
      "52": 0,
      "53": 0,
      "54": 0,
      "55": 0,
      "56": 0
    },
    "f": {
      "0": 1202,
      "1": 116,
      "2": 111,
      "3": 111,
      "4": 111,
      "5": 0,
      "6": 111,
      "7": 207,
      "8": 219,
      "9": 657,
      "10": 28,
      "11": 111,
      "12": 0
    },
    "b": {
      "0": [
        111,
        0
      ],
      "1": [
        132,
        87
      ],
      "2": [
        0,
        87
      ],
      "3": [
        0,
        219
      ],
      "4": [
        0,
        0
      ],
      "5": [
        0,
        0
      ],
      "6": [
        0,
        0
      ],
      "7": [
        0,
        0
      ]
    },
    "_coverageSchema": "1a1c01bbd47fc00a2c39e90264f33305004495a9",
    "hash": "43dbd6d898851847e791333fd64f0fb2b4acac54"
  },
  "/Users/arturkesik/projects/salaryman/front-salaryman/src/api/saveTask.ts": {
    "path": "/Users/arturkesik/projects/salaryman/front-salaryman/src/api/saveTask.ts",
    "statementMap": {
      "0": {
        "start": {
          "line": 5,
          "column": 23
        },
        "end": {
          "line": 5,
          "column": 34
        }
      },
      "1": {
        "start": {
          "line": 8,
          "column": 2
        },
        "end": {
          "line": 8,
          "column": 100
        }
      }
    },
    "fnMap": {
      "0": {
        "name": "saveTask",
        "decl": {
          "start": {
            "line": 7,
            "column": 16
          },
          "end": {
            "line": 7,
            "column": 24
          }
        },
        "loc": {
          "start": {
            "line": 7,
            "column": 129
          },
          "end": {
            "line": 9,
            "column": 1
          }
        },
        "line": 7
      }
    },
    "branchMap": {},
    "s": {
      "0": 58,
      "1": 2
    },
    "f": {
      "0": 2
    },
    "b": {},
    "_coverageSchema": "1a1c01bbd47fc00a2c39e90264f33305004495a9",
    "hash": "8492cb0c0e978b8ce14d3053d488b914e3d4956e"
  },
  "/Users/arturkesik/projects/salaryman/front-salaryman/src/views/tasks/TaskView/hooks/apiHooks/saveTask.ts": {
    "path": "/Users/arturkesik/projects/salaryman/front-salaryman/src/views/tasks/TaskView/hooks/apiHooks/saveTask.ts",
    "statementMap": {
      "0": {
        "start": {
          "line": 6,
          "column": 2
        },
        "end": {
          "line": 10,
          "column": 3
        }
      },
      "1": {
        "start": {
          "line": 7,
          "column": 4
        },
        "end": {
          "line": 7,
          "column": 47
        }
      },
      "2": {
        "start": {
          "line": 9,
          "column": 4
        },
        "end": {
          "line": 9,
          "column": 41
        }
      },
      "3": {
        "start": {
          "line": 14,
          "column": 2
        },
        "end": {
          "line": 25,
          "column": 4
        }
      },
      "4": {
        "start": {
          "line": 15,
          "column": 19
        },
        "end": {
          "line": 15,
          "column": 29
        }
      },
      "5": {
        "start": {
          "line": 16,
          "column": 4
        },
        "end": {
          "line": 23,
          "column": 5
        }
      },
      "6": {
        "start": {
          "line": 17,
          "column": 6
        },
        "end": {
          "line": 17,
          "column": 55
        }
      },
      "7": {
        "start": {
          "line": 18,
          "column": 36
        },
        "end": {
          "line": 18,
          "column": 75
        }
      },
      "8": {
        "start": {
          "line": 19,
          "column": 6
        },
        "end": {
          "line": 19,
          "column": 62
        }
      },
      "9": {
        "start": {
          "line": 21,
          "column": 6
        },
        "end": {
          "line": 21,
          "column": 35
        }
      },
      "10": {
        "start": {
          "line": 22,
          "column": 6
        },
        "end": {
          "line": 22,
          "column": 34
        }
      },
      "11": {
        "start": {
          "line": 24,
          "column": 4
        },
        "end": {
          "line": 24,
          "column": 19
        }
      },
      "12": {
        "start": {
          "line": 29,
          "column": 17
        },
        "end": {
          "line": 29,
          "column": 85
        }
      },
      "13": {
        "start": {
          "line": 29,
          "column": 38
        },
        "end": {
          "line": 29,
          "column": 72
        }
      },
      "14": {
        "start": {
          "line": 30,
          "column": 2
        },
        "end": {
          "line": 30,
          "column": 52
        }
      },
      "15": {
        "start": {
          "line": 31,
          "column": 2
        },
        "end": {
          "line": 31,
          "column": 17
        }
      },
      "16": {
        "start": {
          "line": 35,
          "column": 2
        },
        "end": {
          "line": 37,
          "column": 3
        }
      },
      "17": {
        "start": {
          "line": 36,
          "column": 4
        },
        "end": {
          "line": 36,
          "column": 23
        }
      },
      "18": {
        "start": {
          "line": 39,
          "column": 17
        },
        "end": {
          "line": 39,
          "column": 84
        }
      },
      "19": {
        "start": {
          "line": 39,
          "column": 38
        },
        "end": {
          "line": 39,
          "column": 71
        }
      },
      "20": {
        "start": {
          "line": 40,
          "column": 17
        },
        "end": {
          "line": 40,
          "column": 74
        }
      },
      "21": {
        "start": {
          "line": 40,
          "column": 40
        },
        "end": {
          "line": 40,
          "column": 73
        }
      },
      "22": {
        "start": {
          "line": 41,
          "column": 32
        },
        "end": {
          "line": 41,
          "column": 54
        }
      },
      "23": {
        "start": {
          "line": 43,
          "column": 2
        },
        "end": {
          "line": 47,
          "column": 3
        }
      },
      "24": {
        "start": {
          "line": 44,
          "column": 4
        },
        "end": {
          "line": 44,
          "column": 43
        }
      },
      "25": {
        "start": {
          "line": 46,
          "column": 4
        },
        "end": {
          "line": 46,
          "column": 57
        }
      },
      "26": {
        "start": {
          "line": 52,
          "column": 2
        },
        "end": {
          "line": 52,
          "column": 74
        }
      }
    },
    "fnMap": {
      "0": {
        "name": "handleNewTaskResponse",
        "decl": {
          "start": {
            "line": 5,
            "column": 16
          },
          "end": {
            "line": 5,
            "column": 37
          }
        },
        "loc": {
          "start": {
            "line": 5,
            "column": 85
          },
          "end": {
            "line": 11,
            "column": 1
          }
        },
        "line": 5
      },
      "1": {
        "name": "updateStateIfResponseOk",
        "decl": {
          "start": {
            "line": 13,
            "column": 9
          },
          "end": {
            "line": 13,
            "column": 32
          }
        },
        "loc": {
          "start": {
            "line": 13,
            "column": 80
          },
          "end": {
            "line": 26,
            "column": 1
          }
        },
        "line": 13
      },
      "2": {
        "name": "(anonymous_2)",
        "decl": {
          "start": {
            "line": 14,
            "column": 11
          },
          "end": {
            "line": 14,
            "column": 12
          }
        },
        "loc": {
          "start": {
            "line": 14,
            "column": 34
          },
          "end": {
            "line": 25,
            "column": 3
          }
        },
        "line": 14
      },
      "3": {
        "name": "setCorrectIntendation",
        "decl": {
          "start": {
            "line": 28,
            "column": 9
          },
          "end": {
            "line": 28,
            "column": 30
          }
        },
        "loc": {
          "start": {
            "line": 28,
            "column": 77
          },
          "end": {
            "line": 32,
            "column": 1
          }
        },
        "line": 28
      },
      "4": {
        "name": "(anonymous_4)",
        "decl": {
          "start": {
            "line": 29,
            "column": 28
          },
          "end": {
            "line": 29,
            "column": 29
          }
        },
        "loc": {
          "start": {
            "line": 29,
            "column": 38
          },
          "end": {
            "line": 29,
            "column": 72
          }
        },
        "line": 29
      },
      "5": {
        "name": "findAncestorUncle",
        "decl": {
          "start": {
            "line": 34,
            "column": 9
          },
          "end": {
            "line": 34,
            "column": 26
          }
        },
        "loc": {
          "start": {
            "line": 34,
            "column": 78
          },
          "end": {
            "line": 48,
            "column": 1
          }
        },
        "line": 34
      },
      "6": {
        "name": "(anonymous_6)",
        "decl": {
          "start": {
            "line": 39,
            "column": 28
          },
          "end": {
            "line": 39,
            "column": 29
          }
        },
        "loc": {
          "start": {
            "line": 39,
            "column": 38
          },
          "end": {
            "line": 39,
            "column": 71
          }
        },
        "line": 39
      },
      "7": {
        "name": "(anonymous_7)",
        "decl": {
          "start": {
            "line": 40,
            "column": 30
          },
          "end": {
            "line": 40,
            "column": 31
          }
        },
        "loc": {
          "start": {
            "line": 40,
            "column": 40
          },
          "end": {
            "line": 40,
            "column": 73
          }
        },
        "line": 40
      },
      "8": {
        "name": "displayErrorIfResponseError",
        "decl": {
          "start": {
            "line": 51,
            "column": 9
          },
          "end": {
            "line": 51,
            "column": 36
          }
        },
        "loc": {
          "start": {
            "line": 51,
            "column": 64
          },
          "end": {
            "line": 53,
            "column": 1
          }
        },
        "line": 51
      }
    },
    "branchMap": {
      "0": {
        "loc": {
          "start": {
            "line": 6,
            "column": 2
          },
          "end": {
            "line": 10,
            "column": 3
          }
        },
        "type": "if",
        "locations": [
          {
            "start": {
              "line": 6,
              "column": 2
            },
            "end": {
              "line": 10,
              "column": 3
            }
          },
          {
            "start": {
              "line": 6,
              "column": 2
            },
            "end": {
              "line": 10,
              "column": 3
            }
          }
        ],
        "line": 6
      },
      "1": {
        "loc": {
          "start": {
            "line": 16,
            "column": 4
          },
          "end": {
            "line": 23,
            "column": 5
          }
        },
        "type": "if",
        "locations": [
          {
            "start": {
              "line": 16,
              "column": 4
            },
            "end": {
              "line": 23,
              "column": 5
            }
          },
          {
            "start": {
              "line": 16,
              "column": 4
            },
            "end": {
              "line": 23,
              "column": 5
            }
          }
        ],
        "line": 16
      },
      "2": {
        "loc": {
          "start": {
            "line": 35,
            "column": 2
          },
          "end": {
            "line": 37,
            "column": 3
          }
        },
        "type": "if",
        "locations": [
          {
            "start": {
              "line": 35,
              "column": 2
            },
            "end": {
              "line": 37,
              "column": 3
            }
          },
          {
            "start": {
              "line": 35,
              "column": 2
            },
            "end": {
              "line": 37,
              "column": 3
            }
          }
        ],
        "line": 35
      },
      "3": {
        "loc": {
          "start": {
            "line": 43,
            "column": 2
          },
          "end": {
            "line": 47,
            "column": 3
          }
        },
        "type": "if",
        "locations": [
          {
            "start": {
              "line": 43,
              "column": 2
            },
            "end": {
              "line": 47,
              "column": 3
            }
          },
          {
            "start": {
              "line": 43,
              "column": 2
            },
            "end": {
              "line": 47,
              "column": 3
            }
          }
        ],
        "line": 43
      }
    },
    "s": {
      "0": 2,
      "1": 2,
      "2": 0,
      "3": 2,
      "4": 2,
      "5": 2,
      "6": 0,
      "7": 0,
      "8": 0,
      "9": 2,
      "10": 2,
      "11": 2,
      "12": 0,
      "13": 0,
      "14": 0,
      "15": 0,
      "16": 0,
      "17": 0,
      "18": 0,
      "19": 0,
      "20": 0,
      "21": 0,
      "22": 0,
      "23": 0,
      "24": 0,
      "25": 0,
      "26": 0
    },
    "f": {
      "0": 2,
      "1": 2,
      "2": 2,
      "3": 0,
      "4": 0,
      "5": 0,
      "6": 0,
      "7": 0,
      "8": 0
    },
    "b": {
      "0": [
        2,
        0
      ],
      "1": [
        0,
        2
      ],
      "2": [
        0,
        0
      ],
      "3": [
        0,
        0
      ]
    },
    "_coverageSchema": "1a1c01bbd47fc00a2c39e90264f33305004495a9",
    "hash": "b9f668000b862917ad3aa0e22f306450f46cb327"
  },
  "/Users/arturkesik/projects/salaryman/front-salaryman/src/api/updateTask.ts": {
    "path": "/Users/arturkesik/projects/salaryman/front-salaryman/src/api/updateTask.ts",
    "statementMap": {
      "0": {
        "start": {
          "line": 5,
          "column": 25
        },
        "end": {
          "line": 5,
          "column": 32
        }
      },
      "1": {
        "start": {
          "line": 8,
          "column": 2
        },
        "end": {
          "line": 8,
          "column": 77
        }
      },
      "2": {
        "start": {
          "line": 12,
          "column": 2
        },
        "end": {
          "line": 12,
          "column": 74
        }
      }
    },
    "fnMap": {
      "0": {
        "name": "markTaskAsCollapsed",
        "decl": {
          "start": {
            "line": 7,
            "column": 16
          },
          "end": {
            "line": 7,
            "column": 35
          }
        },
        "loc": {
          "start": {
            "line": 7,
            "column": 109
          },
          "end": {
            "line": 9,
            "column": 1
          }
        },
        "line": 7
      },
      "1": {
        "name": "markTaskAsDoneInBackend",
        "decl": {
          "start": {
            "line": 11,
            "column": 16
          },
          "end": {
            "line": 11,
            "column": 39
          }
        },
        "loc": {
          "start": {
            "line": 11,
            "column": 110
          },
          "end": {
            "line": 13,
            "column": 1
          }
        },
        "line": 11
      }
    },
    "branchMap": {},
    "s": {
      "0": 58,
      "1": 14,
      "2": 13
    },
    "f": {
      "0": 14,
      "1": 13
    },
    "b": {},
    "_coverageSchema": "1a1c01bbd47fc00a2c39e90264f33305004495a9",
    "hash": "145d76543985549a912c97c03d2460528552d841"
  },
  "/Users/arturkesik/projects/salaryman/front-salaryman/src/views/tasks/helpers/getSubTreeIds.ts": {
    "path": "/Users/arturkesik/projects/salaryman/front-salaryman/src/views/tasks/helpers/getSubTreeIds.ts",
    "statementMap": {
      "0": {
        "start": {
          "line": 4,
          "column": 33
        },
        "end": {
          "line": 4,
          "column": 35
        }
      },
      "1": {
        "start": {
          "line": 5,
          "column": 29
        },
        "end": {
          "line": 5,
          "column": 31
        }
      },
      "2": {
        "start": {
          "line": 6,
          "column": 2
        },
        "end": {
          "line": 16,
          "column": 3
        }
      },
      "3": {
        "start": {
          "line": 7,
          "column": 4
        },
        "end": {
          "line": 15,
          "column": 5
        }
      },
      "4": {
        "start": {
          "line": 8,
          "column": 6
        },
        "end": {
          "line": 8,
          "column": 34
        }
      },
      "5": {
        "start": {
          "line": 9,
          "column": 6
        },
        "end": {
          "line": 9,
          "column": 30
        }
      },
      "6": {
        "start": {
          "line": 11,
          "column": 6
        },
        "end": {
          "line": 11,
          "column": 67
        }
      },
      "7": {
        "start": {
          "line": 12,
          "column": 6
        },
        "end": {
          "line": 14,
          "column": 7
        }
      },
      "8": {
        "start": {
          "line": 13,
          "column": 8
        },
        "end": {
          "line": 13,
          "column": 32
        }
      },
      "9": {
        "start": {
          "line": 17,
          "column": 2
        },
        "end": {
          "line": 17,
          "column": 29
        }
      },
      "10": {
        "start": {
          "line": 25,
          "column": 2
        },
        "end": {
          "line": 27,
          "column": 3
        }
      },
      "11": {
        "start": {
          "line": 26,
          "column": 4
        },
        "end": {
          "line": 26,
          "column": 13
        }
      },
      "12": {
        "start": {
          "line": 28,
          "column": 2
        },
        "end": {
          "line": 33,
          "column": 3
        }
      },
      "13": {
        "start": {
          "line": 29,
          "column": 4
        },
        "end": {
          "line": 29,
          "column": 41
        }
      },
      "14": {
        "start": {
          "line": 31,
          "column": 4
        },
        "end": {
          "line": 31,
          "column": 24
        }
      },
      "15": {
        "start": {
          "line": 32,
          "column": 4
        },
        "end": {
          "line": 32,
          "column": 55
        }
      }
    },
    "fnMap": {
      "0": {
        "name": "getSubTreeIds",
        "decl": {
          "start": {
            "line": 3,
            "column": 16
          },
          "end": {
            "line": 3,
            "column": 29
          }
        },
        "loc": {
          "start": {
            "line": 3,
            "column": 65
          },
          "end": {
            "line": 18,
            "column": 1
          }
        },
        "line": 3
      },
      "1": {
        "name": "checkIfParentIdInStack",
        "decl": {
          "start": {
            "line": 24,
            "column": 9
          },
          "end": {
            "line": 24,
            "column": 31
          }
        },
        "loc": {
          "start": {
            "line": 24,
            "column": 84
          },
          "end": {
            "line": 34,
            "column": 1
          }
        },
        "line": 24
      }
    },
    "branchMap": {
      "0": {
        "loc": {
          "start": {
            "line": 7,
            "column": 4
          },
          "end": {
            "line": 15,
            "column": 5
          }
        },
        "type": "if",
        "locations": [
          {
            "start": {
              "line": 7,
              "column": 4
            },
            "end": {
              "line": 15,
              "column": 5
            }
          },
          {
            "start": {
              "line": 7,
              "column": 4
            },
            "end": {
              "line": 15,
              "column": 5
            }
          }
        ],
        "line": 7
      },
      "1": {
        "loc": {
          "start": {
            "line": 12,
            "column": 6
          },
          "end": {
            "line": 14,
            "column": 7
          }
        },
        "type": "if",
        "locations": [
          {
            "start": {
              "line": 12,
              "column": 6
            },
            "end": {
              "line": 14,
              "column": 7
            }
          },
          {
            "start": {
              "line": 12,
              "column": 6
            },
            "end": {
              "line": 14,
              "column": 7
            }
          }
        ],
        "line": 12
      },
      "2": {
        "loc": {
          "start": {
            "line": 25,
            "column": 2
          },
          "end": {
            "line": 27,
            "column": 3
          }
        },
        "type": "if",
        "locations": [
          {
            "start": {
              "line": 25,
              "column": 2
            },
            "end": {
              "line": 27,
              "column": 3
            }
          },
          {
            "start": {
              "line": 25,
              "column": 2
            },
            "end": {
              "line": 27,
              "column": 3
            }
          }
        ],
        "line": 25
      },
      "3": {
        "loc": {
          "start": {
            "line": 28,
            "column": 2
          },
          "end": {
            "line": 33,
            "column": 3
          }
        },
        "type": "if",
        "locations": [
          {
            "start": {
              "line": 28,
              "column": 2
            },
            "end": {
              "line": 33,
              "column": 3
            }
          },
          {
            "start": {
              "line": 28,
              "column": 2
            },
            "end": {
              "line": 33,
              "column": 3
            }
          }
        ],
        "line": 28
      }
    },
    "s": {
      "0": 41,
      "1": 41,
      "2": 41,
      "3": 127,
      "4": 41,
      "5": 41,
      "6": 86,
      "7": 86,
      "8": 48,
      "9": 41,
      "10": 116,
      "11": 38,
      "12": 78,
      "13": 48,
      "14": 30,
      "15": 30
    },
    "f": {
      "0": 41,
      "1": 116
    },
    "b": {
      "0": [
        41,
        86
      ],
      "1": [
        48,
        38
      ],
      "2": [
        38,
        78
      ],
      "3": [
        48,
        30
      ]
    },
    "_coverageSchema": "1a1c01bbd47fc00a2c39e90264f33305004495a9",
    "hash": "94fad6545010e9be6e8655cc10b662fbb3bc6be5"
  },
  "/Users/arturkesik/projects/salaryman/front-salaryman/src/views/tasks/TaskView/hooks/updateTaskState.ts": {
    "path": "/Users/arturkesik/projects/salaryman/front-salaryman/src/views/tasks/TaskView/hooks/updateTaskState.ts",
    "statementMap": {
      "0": {
        "start": {
          "line": 7,
          "column": 2
        },
        "end": {
          "line": 31,
          "column": 4
        }
      },
      "1": {
        "start": {
          "line": 8,
          "column": 21
        },
        "end": {
          "line": 8,
          "column": 66
        }
      },
      "2": {
        "start": {
          "line": 8,
          "column": 40
        },
        "end": {
          "line": 8,
          "column": 53
        }
      },
      "3": {
        "start": {
          "line": 9,
          "column": 33
        },
        "end": {
          "line": 9,
          "column": 66
        }
      },
      "4": {
        "start": {
          "line": 10,
          "column": 19
        },
        "end": {
          "line": 10,
          "column": 77
        }
      },
      "5": {
        "start": {
          "line": 10,
          "column": 43
        },
        "end": {
          "line": 10,
          "column": 76
        }
      },
      "6": {
        "start": {
          "line": 11,
          "column": 19
        },
        "end": {
          "line": 11,
          "column": 20
        }
      },
      "7": {
        "start": {
          "line": 12,
          "column": 4
        },
        "end": {
          "line": 14,
          "column": 5
        }
      },
      "8": {
        "start": {
          "line": 13,
          "column": 6
        },
        "end": {
          "line": 13,
          "column": 26
        }
      },
      "9": {
        "start": {
          "line": 15,
          "column": 32
        },
        "end": {
          "line": 15,
          "column": 34
        }
      },
      "10": {
        "start": {
          "line": 16,
          "column": 4
        },
        "end": {
          "line": 30,
          "column": 17
        }
      },
      "11": {
        "start": {
          "line": 17,
          "column": 6
        },
        "end": {
          "line": 17,
          "column": 23
        }
      },
      "12": {
        "start": {
          "line": 18,
          "column": 6
        },
        "end": {
          "line": 18,
          "column": 39
        }
      },
      "13": {
        "start": {
          "line": 19,
          "column": 6
        },
        "end": {
          "line": 28,
          "column": 7
        }
      },
      "14": {
        "start": {
          "line": 20,
          "column": 8
        },
        "end": {
          "line": 20,
          "column": 67
        }
      },
      "15": {
        "start": {
          "line": 21,
          "column": 13
        },
        "end": {
          "line": 28,
          "column": 7
        }
      },
      "16": {
        "start": {
          "line": 22,
          "column": 8
        },
        "end": {
          "line": 22,
          "column": 34
        }
      },
      "17": {
        "start": {
          "line": 23,
          "column": 8
        },
        "end": {
          "line": 25,
          "column": 9
        }
      },
      "18": {
        "start": {
          "line": 24,
          "column": 10
        },
        "end": {
          "line": 24,
          "column": 46
        }
      },
      "19": {
        "start": {
          "line": 27,
          "column": 8
        },
        "end": {
          "line": 27,
          "column": 25
        }
      },
      "20": {
        "start": {
          "line": 29,
          "column": 6
        },
        "end": {
          "line": 29,
          "column": 19
        }
      },
      "21": {
        "start": {
          "line": 35,
          "column": 2
        },
        "end": {
          "line": 39,
          "column": 3
        }
      },
      "22": {
        "start": {
          "line": 36,
          "column": 4
        },
        "end": {
          "line": 36,
          "column": 44
        }
      },
      "23": {
        "start": {
          "line": 38,
          "column": 4
        },
        "end": {
          "line": 38,
          "column": 42
        }
      },
      "24": {
        "start": {
          "line": 43,
          "column": 2
        },
        "end": {
          "line": 68,
          "column": 4
        }
      },
      "25": {
        "start": {
          "line": 44,
          "column": 28
        },
        "end": {
          "line": 44,
          "column": 57
        }
      },
      "26": {
        "start": {
          "line": 45,
          "column": 39
        },
        "end": {
          "line": 45,
          "column": 41
        }
      },
      "27": {
        "start": {
          "line": 47,
          "column": 4
        },
        "end": {
          "line": 67,
          "column": 6
        }
      },
      "28": {
        "start": {
          "line": 48,
          "column": 6
        },
        "end": {
          "line": 66,
          "column": 7
        }
      },
      "29": {
        "start": {
          "line": 49,
          "column": 8
        },
        "end": {
          "line": 49,
          "column": 29
        }
      },
      "30": {
        "start": {
          "line": 50,
          "column": 8
        },
        "end": {
          "line": 50,
          "column": 47
        }
      },
      "31": {
        "start": {
          "line": 52,
          "column": 13
        },
        "end": {
          "line": 66,
          "column": 7
        }
      },
      "32": {
        "start": {
          "line": 53,
          "column": 8
        },
        "end": {
          "line": 53,
          "column": 29
        }
      },
      "33": {
        "start": {
          "line": 54,
          "column": 8
        },
        "end": {
          "line": 63,
          "column": 9
        }
      },
      "34": {
        "start": {
          "line": 55,
          "column": 10
        },
        "end": {
          "line": 55,
          "column": 65
        }
      },
      "35": {
        "start": {
          "line": 56,
          "column": 10
        },
        "end": {
          "line": 56,
          "column": 34
        }
      },
      "36": {
        "start": {
          "line": 57,
          "column": 10
        },
        "end": {
          "line": 57,
          "column": 46
        }
      },
      "37": {
        "start": {
          "line": 58,
          "column": 15
        },
        "end": {
          "line": 63,
          "column": 9
        }
      },
      "38": {
        "start": {
          "line": 59,
          "column": 10
        },
        "end": {
          "line": 59,
          "column": 34
        }
      },
      "39": {
        "start": {
          "line": 60,
          "column": 10
        },
        "end": {
          "line": 60,
          "column": 45
        }
      },
      "40": {
        "start": {
          "line": 62,
          "column": 10
        },
        "end": {
          "line": 62,
          "column": 46
        }
      },
      "41": {
        "start": {
          "line": 65,
          "column": 8
        },
        "end": {
          "line": 65,
          "column": 24
        }
      },
      "42": {
        "start": {
          "line": 73,
          "column": 2
        },
        "end": {
          "line": 89,
          "column": 4
        }
      },
      "43": {
        "start": {
          "line": 75,
          "column": 28
        },
        "end": {
          "line": 75,
          "column": 57
        }
      },
      "44": {
        "start": {
          "line": 77,
          "column": 4
        },
        "end": {
          "line": 88,
          "column": 6
        }
      },
      "45": {
        "start": {
          "line": 78,
          "column": 6
        },
        "end": {
          "line": 87,
          "column": 7
        }
      },
      "46": {
        "start": {
          "line": 79,
          "column": 8
        },
        "end": {
          "line": 79,
          "column": 29
        }
      },
      "47": {
        "start": {
          "line": 80,
          "column": 8
        },
        "end": {
          "line": 80,
          "column": 46
        }
      },
      "48": {
        "start": {
          "line": 82,
          "column": 13
        },
        "end": {
          "line": 87,
          "column": 7
        }
      },
      "49": {
        "start": {
          "line": 83,
          "column": 8
        },
        "end": {
          "line": 83,
          "column": 29
        }
      },
      "50": {
        "start": {
          "line": 84,
          "column": 8
        },
        "end": {
          "line": 84,
          "column": 43
        }
      },
      "51": {
        "start": {
          "line": 86,
          "column": 8
        },
        "end": {
          "line": 86,
          "column": 24
        }
      }
    },
    "fnMap": {
      "0": {
        "name": "updateTaskIsDone",
        "decl": {
          "start": {
            "line": 6,
            "column": 16
          },
          "end": {
            "line": 6,
            "column": 32
          }
        },
        "loc": {
          "start": {
            "line": 6,
            "column": 82
          },
          "end": {
            "line": 32,
            "column": 1
          }
        },
        "line": 6
      },
      "1": {
        "name": "(anonymous_1)",
        "decl": {
          "start": {
            "line": 7,
            "column": 11
          },
          "end": {
            "line": 7,
            "column": 12
          }
        },
        "loc": {
          "start": {
            "line": 7,
            "column": 34
          },
          "end": {
            "line": 31,
            "column": 3
          }
        },
        "line": 7
      },
      "2": {
        "name": "(anonymous_2)",
        "decl": {
          "start": {
            "line": 8,
            "column": 32
          },
          "end": {
            "line": 8,
            "column": 33
          }
        },
        "loc": {
          "start": {
            "line": 8,
            "column": 40
          },
          "end": {
            "line": 8,
            "column": 53
          }
        },
        "line": 8
      },
      "3": {
        "name": "(anonymous_3)",
        "decl": {
          "start": {
            "line": 10,
            "column": 30
          },
          "end": {
            "line": 10,
            "column": 31
          }
        },
        "loc": {
          "start": {
            "line": 10,
            "column": 43
          },
          "end": {
            "line": 10,
            "column": 76
          }
        },
        "line": 10
      },
      "4": {
        "name": "(anonymous_4)",
        "decl": {
          "start": {
            "line": 16,
            "column": 24
          },
          "end": {
            "line": 16,
            "column": 25
          }
        },
        "loc": {
          "start": {
            "line": 16,
            "column": 42
          },
          "end": {
            "line": 30,
            "column": 5
          }
        },
        "line": 16
      },
      "5": {
        "name": "toggleCollapseInState",
        "decl": {
          "start": {
            "line": 34,
            "column": 16
          },
          "end": {
            "line": 34,
            "column": 37
          }
        },
        "loc": {
          "start": {
            "line": 34,
            "column": 93
          },
          "end": {
            "line": 40,
            "column": 1
          }
        },
        "line": 34
      },
      "6": {
        "name": "uncollapseInState",
        "decl": {
          "start": {
            "line": 42,
            "column": 9
          },
          "end": {
            "line": 42,
            "column": 26
          }
        },
        "loc": {
          "start": {
            "line": 42,
            "column": 82
          },
          "end": {
            "line": 69,
            "column": 1
          }
        },
        "line": 42
      },
      "7": {
        "name": "(anonymous_7)",
        "decl": {
          "start": {
            "line": 43,
            "column": 11
          },
          "end": {
            "line": 43,
            "column": 12
          }
        },
        "loc": {
          "start": {
            "line": 43,
            "column": 34
          },
          "end": {
            "line": 68,
            "column": 3
          }
        },
        "line": 43
      },
      "8": {
        "name": "(anonymous_8)",
        "decl": {
          "start": {
            "line": 47,
            "column": 21
          },
          "end": {
            "line": 47,
            "column": 22
          }
        },
        "loc": {
          "start": {
            "line": 47,
            "column": 34
          },
          "end": {
            "line": 67,
            "column": 5
          }
        },
        "line": 47
      },
      "9": {
        "name": "collapseInState",
        "decl": {
          "start": {
            "line": 71,
            "column": 9
          },
          "end": {
            "line": 71,
            "column": 24
          }
        },
        "loc": {
          "start": {
            "line": 71,
            "column": 80
          },
          "end": {
            "line": 90,
            "column": 1
          }
        },
        "line": 71
      },
      "10": {
        "name": "(anonymous_10)",
        "decl": {
          "start": {
            "line": 73,
            "column": 11
          },
          "end": {
            "line": 73,
            "column": 12
          }
        },
        "loc": {
          "start": {
            "line": 73,
            "column": 34
          },
          "end": {
            "line": 89,
            "column": 3
          }
        },
        "line": 73
      },
      "11": {
        "name": "(anonymous_11)",
        "decl": {
          "start": {
            "line": 77,
            "column": 21
          },
          "end": {
            "line": 77,
            "column": 22
          }
        },
        "loc": {
          "start": {
            "line": 77,
            "column": 34
          },
          "end": {
            "line": 88,
            "column": 5
          }
        },
        "line": 77
      }
    },
    "branchMap": {
      "0": {
        "loc": {
          "start": {
            "line": 12,
            "column": 4
          },
          "end": {
            "line": 14,
            "column": 5
          }
        },
        "type": "if",
        "locations": [
          {
            "start": {
              "line": 12,
              "column": 4
            },
            "end": {
              "line": 14,
              "column": 5
            }
          },
          {
            "start": {
              "line": 12,
              "column": 4
            },
            "end": {
              "line": 14,
              "column": 5
            }
          }
        ],
        "line": 12
      },
      "1": {
        "loc": {
          "start": {
            "line": 19,
            "column": 6
          },
          "end": {
            "line": 28,
            "column": 7
          }
        },
        "type": "if",
        "locations": [
          {
            "start": {
              "line": 19,
              "column": 6
            },
            "end": {
              "line": 28,
              "column": 7
            }
          },
          {
            "start": {
              "line": 19,
              "column": 6
            },
            "end": {
              "line": 28,
              "column": 7
            }
          }
        ],
        "line": 19
      },
      "2": {
        "loc": {
          "start": {
            "line": 21,
            "column": 13
          },
          "end": {
            "line": 28,
            "column": 7
          }
        },
        "type": "if",
        "locations": [
          {
            "start": {
              "line": 21,
              "column": 13
            },
            "end": {
              "line": 28,
              "column": 7
            }
          },
          {
            "start": {
              "line": 21,
              "column": 13
            },
            "end": {
              "line": 28,
              "column": 7
            }
          }
        ],
        "line": 21
      },
      "3": {
        "loc": {
          "start": {
            "line": 23,
            "column": 8
          },
          "end": {
            "line": 25,
            "column": 9
          }
        },
        "type": "if",
        "locations": [
          {
            "start": {
              "line": 23,
              "column": 8
            },
            "end": {
              "line": 25,
              "column": 9
            }
          },
          {
            "start": {
              "line": 23,
              "column": 8
            },
            "end": {
              "line": 25,
              "column": 9
            }
          }
        ],
        "line": 23
      },
      "4": {
        "loc": {
          "start": {
            "line": 35,
            "column": 2
          },
          "end": {
            "line": 39,
            "column": 3
          }
        },
        "type": "if",
        "locations": [
          {
            "start": {
              "line": 35,
              "column": 2
            },
            "end": {
[...]
              "column": 2
            },
            "end": {
              "line": 10,
              "column": 3
            }
          }
        ],
        "line": 4
      }
    },
    "s": {
      "0": 2,
      "1": 2,
      "2": 4,
      "3": 0,
      "4": 0
    },
    "f": {
      "0": 2,
      "1": 4,
      "2": 0
    },
    "b": {
      "0": [
        2,
        0
      ]
    },
    "_coverageSchema": "1a1c01bbd47fc00a2c39e90264f33305004495a9",
    "hash": "5611ca8db20ca85f04d0d99577255f9a02973c2d"
  },
  "/Users/arturkesik/projects/salaryman/front-salaryman/src/api/getCategories.ts": {
    "path": "/Users/arturkesik/projects/salaryman/front-salaryman/src/api/getCategories.ts",
    "statementMap": {
      "0": {
        "start": {
          "line": 5,
          "column": 27
        },
        "end": {
          "line": 5,
          "column": 39
        }
      },
      "1": {
        "start": {
          "line": 8,
          "column": 2
        },
        "end": {
          "line": 8,
          "column": 82
        }
      }
    },
    "fnMap": {
      "0": {
        "name": "getCategoriesFromBackend",
        "decl": {
          "start": {
            "line": 7,
            "column": 16
          },
          "end": {
            "line": 7,
            "column": 40
          }
        },
        "loc": {
          "start": {
            "line": 7,
            "column": 112
          },
          "end": {
            "line": 9,
            "column": 1
          }
        },
        "line": 7
      }
    },
    "branchMap": {},
    "s": {
      "0": 58,
      "1": 12
    },
    "f": {
      "0": 12
    },
    "b": {},
    "_coverageSchema": "1a1c01bbd47fc00a2c39e90264f33305004495a9",
    "hash": "599569484f7e08cfeab2d6bd013d7425f93b0730"
  },
  "/Users/arturkesik/projects/salaryman/front-salaryman/src/views/things/hooks/getCategories.ts": {
    "path": "/Users/arturkesik/projects/salaryman/front-salaryman/src/views/things/hooks/getCategories.ts",
    "statementMap": {
      "0": {
        "start": {
          "line": 5,
          "column": 39
        },
        "end": {
          "line": 5,
          "column": 41
        }
      },
      "1": {
        "start": {
          "line": 8,
          "column": 38
        },
        "end": {
          "line": 8,
          "column": 68
        }
      },
      "2": {
        "start": {
          "line": 10,
          "column": 2
        },
        "end": {
          "line": 14,
          "column": 8
        }
      },
      "3": {
        "start": {
          "line": 11,
          "column": 4
        },
        "end": {
          "line": 13,
          "column": 6
        }
      },
      "4": {
        "start": {
          "line": 12,
          "column": 6
        },
        "end": {
          "line": 12,
          "column": 63
        }
      },
      "5": {
        "start": {
          "line": 15,
          "column": 2
        },
        "end": {
          "line": 15,
          "column": 36
        }
      },
      "6": {
        "start": {
          "line": 21,
          "column": 2
        },
        "end": {
          "line": 25,
          "column": 3
        }
      },
      "7": {
        "start": {
          "line": 22,
          "column": 4
        },
        "end": {
          "line": 22,
          "column": 38
        }
      },
      "8": {
        "start": {
          "line": 24,
          "column": 4
        },
        "end": {
          "line": 24,
          "column": 44
        }
      },
      "9": {
        "start": {
          "line": 29,
          "column": 2
        },
        "end": {
          "line": 29,
          "column": 32
        }
      }
    },
    "fnMap": {
      "0": {
        "name": "useGetCategoriesFromBackendAndSet",
        "decl": {
          "start": {
            "line": 7,
            "column": 16
          },
          "end": {
            "line": 7,
            "column": 49
          }
        },
        "loc": {
          "start": {
            "line": 7,
            "column": 80
          },
          "end": {
            "line": 16,
            "column": 1
          }
        },
        "line": 7
      },
      "1": {
        "name": "(anonymous_1)",
        "decl": {
          "start": {
            "line": 10,
            "column": 18
          },
          "end": {
            "line": 10,
            "column": 19
          }
        },
        "loc": {
          "start": {
            "line": 10,
            "column": 24
          },
          "end": {
            "line": 14,
            "column": 3
          }
        },
        "line": 10
      },
      "2": {
        "name": "(anonymous_2)",
        "decl": {
          "start": {
            "line": 11,
            "column": 36
          },
          "end": {
            "line": 11,
            "column": 37
          }
        },
        "loc": {
          "start": {
            "line": 11,
            "column": 50
          },
          "end": {
            "line": 13,
            "column": 5
          }
        },
        "line": 11
      },
      "3": {
        "name": "handleGetCategoriesResponse",
        "decl": {
          "start": {
            "line": 20,
            "column": 15
          },
          "end": {
            "line": 20,
            "column": 42
          }
        },
        "loc": {
          "start": {
            "line": 20,
            "column": 101
          },
          "end": {
            "line": 26,
            "column": 1
          }
        },
        "line": 20
      },
      "4": {
        "name": "displayGetErrorIfResponseError",
        "decl": {
          "start": {
            "line": 28,
            "column": 9
          },
          "end": {
            "line": 28,
            "column": 39
          }
        },
        "loc": {
          "start": {
            "line": 28,
            "column": 73
          },
          "end": {
            "line": 30,
            "column": 1
          }
        },
        "line": 28
      }
    },
    "branchMap": {
      "0": {
        "loc": {
          "start": {
            "line": 21,
            "column": 2
          },
          "end": {
            "line": 25,
            "column": 3
          }
        },
        "type": "if",
        "locations": [
          {
            "start": {
              "line": 21,
              "column": 2
            },
            "end": {
              "line": 25,
              "column": 3
            }
          },
          {
            "start": {
              "line": 21,
              "column": 2
            },
            "end": {
              "line": 25,
              "column": 3
            }
          }
        ],
        "line": 21
      }
    },
    "s": {
      "0": 58,
      "1": 48,
      "2": 48,
      "3": 12,
      "4": 10,
      "5": 48,
      "6": 10,
      "7": 10,
      "8": 0,
      "9": 0
    },
    "f": {
      "0": 48,
      "1": 12,
      "2": 10,
      "3": 10,
      "4": 0
    },
    "b": {
      "0": [
        10,
        0
      ]
    },
    "_coverageSchema": "1a1c01bbd47fc00a2c39e90264f33305004495a9",
    "hash": "b8872672baaf7c47b9f78939cf54c5c856d8e125"
  },
  "/Users/arturkesik/projects/salaryman/front-salaryman/src/views/things/ThingView.tsx": {
    "path": "/Users/arturkesik/projects/salaryman/front-salaryman/src/views/things/ThingView.tsx",
    "statementMap": {
      "0": {
        "start": {
          "line": 8,
          "column": 42
        },
        "end": {
          "line": 8,
          "column": 60
        }
      },
      "1": {
        "start": {
          "line": 9,
          "column": 38
        },
        "end": {
          "line": 9,
          "column": 73
        }
      },
      "2": {
        "start": {
          "line": 12,
          "column": 4
        },
        "end": {
          "line": 12,
          "column": 22
        }
      },
      "3": {
        "start": {
          "line": 13,
          "column": 17
        },
        "end": {
          "line": 13,
          "column": 49
        }
      },
      "4": {
        "start": {
          "line": 14,
          "column": 4
        },
        "end": {
          "line": 14,
          "column": 55
        }
      },
      "5": {
        "start": {
          "line": 16,
          "column": 2
        },
        "end": {
          "line": 32,
          "column": 3
        }
      },
      "6": {
        "start": {
          "line": 22,
          "column": 71
        },
        "end": {
          "line": 22,
          "column": 109
        }
      },
      "7": {
        "start": {
          "line": 28,
          "column": 10
        },
        "end": {
          "line": 28,
          "column": 43
        }
      }
    },
    "fnMap": {
      "0": {
        "name": "ThingView",
        "decl": {
          "start": {
            "line": 7,
            "column": 16
          },
          "end": {
            "line": 7,
            "column": 25
          }
        },
        "loc": {
          "start": {
            "line": 7,
            "column": 28
          },
          "end": {
            "line": 33,
            "column": 1
          }
        },
        "line": 7
      },
      "1": {
        "name": "createNewCategory",
        "decl": {
          "start": {
            "line": 11,
            "column": 17
          },
          "end": {
            "line": 11,
            "column": 34
          }
        },
        "loc": {
          "start": {
            "line": 11,
            "column": 55
          },
          "end": {
            "line": 15,
            "column": 3
          }
        },
        "line": 11
      },
      "2": {
        "name": "(anonymous_2)",
        "decl": {
          "start": {
            "line": 22,
            "column": 66
          },
          "end": {
            "line": 22,
            "column": 67
          }
        },
        "loc": {
          "start": {
            "line": 22,
            "column": 71
          },
          "end": {
            "line": 22,
            "column": 109
          }
        },
        "line": 22
      },
      "3": {
        "name": "(anonymous_3)",
        "decl": {
          "start": {
            "line": 27,
            "column": 24
          },
          "end": {
            "line": 27,
            "column": 25
          }
        },
        "loc": {
          "start": {
            "line": 27,
            "column": 36
          },
          "end": {
            "line": 29,
            "column": 9
          }
        },
        "line": 27
      }
    },
    "branchMap": {},
    "s": {
      "0": 52,
      "1": 48,
      "2": 2,
      "3": 2,
      "4": 2,
      "5": 48,
      "6": 10,
      "7": 8
    },
    "f": {
      "0": 52,
      "1": 2,
      "2": 10,
      "3": 8
    },
    "b": {},
    "_coverageSchema": "1a1c01bbd47fc00a2c39e90264f33305004495a9",
    "hash": "8cb8f2a0ea005161ec769851f5c488b3c76db688"
  },
  "/Users/arturkesik/projects/salaryman/front-salaryman/src/App.tsx": {
    "path": "/Users/arturkesik/projects/salaryman/front-salaryman/src/App.tsx",
    "statementMap": {
      "0": {
        "start": {
          "line": 16,
          "column": 26
        },
        "end": {
          "line": 16,
          "column": 56
        }
      },
      "1": {
        "start": {
          "line": 18,
          "column": 2
        },
        "end": {
          "line": 18,
          "column": 24
        }
      },
      "2": {
        "start": {
          "line": 20,
          "column": 22
        },
        "end": {
          "line": 20,
          "column": 34
        }
      },
      "3": {
        "start": {
          "line": 21,
          "column": 2
        },
        "end": {
          "line": 25,
          "column": 3
        }
      },
      "4": {
        "start": {
          "line": 22,
          "column": 4
        },
        "end": {
          "line": 22,
          "column": 33
        }
      },
      "5": {
        "start": {
          "line": 23,
          "column": 9
        },
        "end": {
          "line": 25,
          "column": 3
        }
      },
      "6": {
        "start": {
          "line": 24,
          "column": 4
        },
        "end": {
          "line": 24,
          "column": 34
        }
      },
      "7": {
        "start": {
          "line": 26,
          "column": 2
        },
        "end": {
          "line": 34,
          "column": 4
        }
      }
    },
    "fnMap": {
      "0": {
        "name": "App",
        "decl": {
          "start": {
            "line": 15,
            "column": 9
          },
          "end": {
            "line": 15,
            "column": 12
          }
        },
        "loc": {
          "start": {
            "line": 15,
            "column": 15
          },
          "end": {
            "line": 35,
            "column": 1
          }
        },
        "line": 15
      }
    },
    "branchMap": {
      "0": {
        "loc": {
          "start": {
            "line": 21,
            "column": 2
          },
          "end": {
            "line": 25,
            "column": 3
          }
        },
        "type": "if",
        "locations": [
          {
            "start": {
              "line": 21,
              "column": 2
            },
            "end": {
              "line": 25,
              "column": 3
            }
          },
          {
            "start": {
              "line": 21,
              "column": 2
            },
            "end": {
              "line": 25,
              "column": 3
            }
          }
        ],
        "line": 21
      },
      "1": {
        "loc": {
          "start": {
            "line": 23,
            "column": 9
          },
          "end": {
            "line": 25,
            "column": 3
          }
        },
        "type": "if",
        "locations": [
          {
            "start": {
              "line": 23,
              "column": 9
            },
            "end": {
              "line": 25,
              "column": 3
            }
          },
          {
            "start": {
              "line": 23,
              "column": 9
            },
            "end": {
              "line": 25,
              "column": 3
            }
          }
        ],
        "line": 23
      }
    },
    "s": {
      "0": 134,
      "1": 130,
      "2": 130,
      "3": 130,
      "4": 12,
      "5": 118,
      "6": 2,
      "7": 130
    },
    "f": {
      "0": 134
    },
    "b": {
      "0": [
        12,
        118
      ],
      "1": [
        2,
        116
      ]
    },
    "_coverageSchema": "1a1c01bbd47fc00a2c39e90264f33305004495a9",
    "hash": "5d25efce9f302db2c64f3e8e91eea7bc5edab802"
  },
  "/Users/arturkesik/projects/salaryman/front-salaryman/src/reportWebVitals.ts": {
    "path": "/Users/arturkesik/projects/salaryman/front-salaryman/src/reportWebVitals.ts",
    "statementMap": {
      "0": {
        "start": {
          "line": 3,
          "column": 24
        },
        "end": {
          "line": 13,
          "column": 1
        }
      },
      "1": {
        "start": {
          "line": 4,
          "column": 2
        },
        "end": {
          "line": 12,
          "column": 3
        }
      },
      "2": {
        "start": {
          "line": 5,
          "column": 4
        },
        "end": {
          "line": 11,
          "column": 7
        }
      },
      "3": {
        "start": {
          "line": 6,
          "column": 6
        },
        "end": {
          "line": 6,
          "column": 26
        }
      },
      "4": {
        "start": {
          "line": 7,
          "column": 6
        },
        "end": {
          "line": 7,
          "column": 26
        }
      },
      "5": {
        "start": {
          "line": 8,
          "column": 6
        },
        "end": {
          "line": 8,
          "column": 26
        }
      },
      "6": {
        "start": {
          "line": 9,
          "column": 6
        },
        "end": {
          "line": 9,
          "column": 26
        }
      },
      "7": {
        "start": {
          "line": 10,
          "column": 6
        },
        "end": {
          "line": 10,
          "column": 27
        }
      }
    },
    "fnMap": {
      "0": {
        "name": "(anonymous_0)",
        "decl": {
          "start": {
            "line": 3,
            "column": 24
          },
          "end": {
            "line": 3,
            "column": 25
          }
        },
        "loc": {
          "start": {
            "line": 3,
            "column": 57
          },
          "end": {
            "line": 13,
            "column": 1
          }
        },
        "line": 3
      },
      "1": {
        "name": "(anonymous_1)",
        "decl": {
          "start": {
            "line": 5,
            "column": 30
          },
          "end": {
            "line": 5,
            "column": 31
          }
        },
        "loc": {
          "start": {
            "line": 5,
            "column": 79
          },
          "end": {
            "line": 11,
            "column": 5
          }
        },
        "line": 5
      }
    },
    "branchMap": {
      "0": {
        "loc": {
          "start": {
            "line": 4,
            "column": 2
          },
          "end": {
            "line": 12,
            "column": 3
          }
        },
        "type": "if",
        "locations": [
          {
            "start": {
              "line": 4,
              "column": 2
            },
            "end": {
              "line": 12,
              "column": 3
            }
          },
          {
            "start": {
              "line": 4,
              "column": 2
            },
            "end": {
              "line": 12,
              "column": 3
            }
          }
        ],
        "line": 4
      },
      "1": {
        "loc": {
          "start": {
            "line": 4,
            "column": 6
          },
          "end": {
            "line": 4,
            "column": 52
          }
        },
        "type": "binary-expr",
        "locations": [
          {
            "start": {
              "line": 4,
              "column": 6
            },
            "end": {
              "line": 4,
              "column": 17
            }
          },
          {
            "start": {
              "line": 4,
              "column": 21
            },
            "end": {
              "line": 4,
              "column": 52
            }
          }
        ],
        "line": 4
      }
    },
    "s": {
      "0": 58,
      "1": 58,
      "2": 0,
      "3": 0,
      "4": 0,
      "5": 0,
      "6": 0,
      "7": 0
    },
    "f": {
      "0": 58,
      "1": 0
    },
    "b": {
      "0": [
        0,
        58
      ],
      "1": [
        58,
        0
      ]
    },
    "_coverageSchema": "1a1c01bbd47fc00a2c39e90264f33305004495a9",
    "hash": "c88fac8d2b4e7671e54990d5ccb8d495005bec05"
  },
  "/Users/arturkesik/projects/salaryman/front-salaryman/src/index.tsx": {
    "path": "/Users/arturkesik/projects/salaryman/front-salaryman/src/index.tsx",
    "statementMap": {
      "0": {
        "start": {
          "line": 7,
          "column": 13
        },
        "end": {
          "line": 9,
          "column": 1
        }
      },
      "1": {
        "start": {
          "line": 10,
          "column": 0
        },
        "end": {
          "line": 14,
          "column": 2
        }
      },
      "2": {
        "start": {
          "line": 19,
          "column": 0
        },
        "end": {
          "line": 19,
          "column": 18
        }
      }
    },
    "fnMap": {},
    "branchMap": {},
    "s": {
      "0": 58,
      "1": 58,
      "2": 58
    },
    "f": {},
    "b": {},
    "_coverageSchema": "1a1c01bbd47fc00a2c39e90264f33305004495a9",
    "hash": "4c73e972728e345da708470e6ea93341ecd3aa33"
  }
}